2022-01-20T09:13:14,201 [INFO ] W-9006-my_fancy_model_1.0-stdout MODEL_LOG - Listening on port: None
2022-01-20T09:13:14,201 [INFO ] W-9000-my_fancy_model_1.0-stdout MODEL_LOG - Listening on port: None
2022-01-20T09:13:14,201 [INFO ] W-9007-my_fancy_model_1.0-stdout MODEL_LOG - Listening on port: None
2022-01-20T09:13:14,201 [INFO ] W-9003-my_fancy_model_1.0-stdout MODEL_LOG - Listening on port: None
2022-01-20T09:13:14,201 [INFO ] W-9002-my_fancy_model_1.0-stdout MODEL_LOG - Listening on port: None
2022-01-20T09:13:14,201 [INFO ] W-9004-my_fancy_model_1.0-stdout MODEL_LOG - Listening on port: None
2022-01-20T09:13:14,201 [INFO ] W-9005-my_fancy_model_1.0-stdout MODEL_LOG - Listening on port: None
2022-01-20T09:13:14,201 [INFO ] W-9001-my_fancy_model_1.0-stdout MODEL_LOG - Listening on port: None
2022-01-20T09:13:14,213 [INFO ] W-9006-my_fancy_model_1.0-stdout MODEL_LOG - [PID]14124
2022-01-20T09:13:14,214 [INFO ] W-9002-my_fancy_model_1.0-stdout MODEL_LOG - [PID]25056
2022-01-20T09:13:14,214 [INFO ] W-9003-my_fancy_model_1.0-stdout MODEL_LOG - [PID]14740
2022-01-20T09:13:14,214 [INFO ] W-9006-my_fancy_model_1.0-stdout MODEL_LOG - Torch worker started.
2022-01-20T09:13:14,215 [INFO ] W-9007-my_fancy_model_1.0-stdout MODEL_LOG - [PID]5040
2022-01-20T09:13:14,215 [INFO ] W-9002-my_fancy_model_1.0-stdout MODEL_LOG - Torch worker started.
2022-01-20T09:13:14,215 [INFO ] W-9002-my_fancy_model_1.0-stdout MODEL_LOG - Python runtime: 3.9.1
2022-01-20T09:13:14,215 [INFO ] W-9001-my_fancy_model_1.0-stdout MODEL_LOG - [PID]5860
2022-01-20T09:13:14,216 [INFO ] W-9005-my_fancy_model_1.0-stdout MODEL_LOG - [PID]4048
2022-01-20T09:13:14,216 [INFO ] W-9005-my_fancy_model_1.0-stdout MODEL_LOG - Torch worker started.
2022-01-20T09:13:14,217 [INFO ] W-9001-my_fancy_model_1.0-stdout MODEL_LOG - Torch worker started.
2022-01-20T09:13:14,217 [INFO ] W-9004-my_fancy_model_1.0-stdout MODEL_LOG - [PID]17276
2022-01-20T09:13:14,217 [INFO ] W-9000-my_fancy_model_1.0-stdout MODEL_LOG - [PID]26632
2022-01-20T09:13:14,218 [INFO ] W-9001-my_fancy_model_1.0-stdout MODEL_LOG - Python runtime: 3.9.1
2022-01-20T09:13:14,221 [INFO ] W-9003-my_fancy_model_1.0-stdout MODEL_LOG - Torch worker started.
2022-01-20T09:13:14,221 [INFO ] W-9007-my_fancy_model_1.0-stdout MODEL_LOG - Torch worker started.
2022-01-20T09:13:14,221 [INFO ] W-9006-my_fancy_model_1.0-stdout MODEL_LOG - Python runtime: 3.9.1
2022-01-20T09:13:14,222 [INFO ] W-9003-my_fancy_model_1.0-stdout MODEL_LOG - Python runtime: 3.9.1
2022-01-20T09:13:14,225 [INFO ] W-9004-my_fancy_model_1.0-stdout MODEL_LOG - Torch worker started.
2022-01-20T09:13:14,225 [INFO ] W-9005-my_fancy_model_1.0-stdout MODEL_LOG - Python runtime: 3.9.1
2022-01-20T09:13:14,225 [INFO ] W-9004-my_fancy_model_1.0-stdout MODEL_LOG - Python runtime: 3.9.1
2022-01-20T09:13:14,231 [INFO ] W-9000-my_fancy_model_1.0-stdout MODEL_LOG - Torch worker started.
2022-01-20T09:13:14,232 [INFO ] W-9000-my_fancy_model_1.0-stdout MODEL_LOG - Python runtime: 3.9.1
2022-01-20T09:13:14,236 [INFO ] W-9007-my_fancy_model_1.0-stdout MODEL_LOG - Python runtime: 3.9.1
2022-01-20T09:13:14,293 [INFO ] W-9000-my_fancy_model_1.0-stdout MODEL_LOG - Connection accepted: ('127.0.0.1', 9000).
2022-01-20T09:13:14,293 [INFO ] W-9007-my_fancy_model_1.0-stdout MODEL_LOG - Connection accepted: ('127.0.0.1', 9007).
2022-01-20T09:13:14,294 [INFO ] W-9003-my_fancy_model_1.0-stdout MODEL_LOG - Connection accepted: ('127.0.0.1', 9003).
2022-01-20T09:13:14,294 [INFO ] W-9006-my_fancy_model_1.0-stdout MODEL_LOG - Connection accepted: ('127.0.0.1', 9006).
2022-01-20T09:13:14,294 [INFO ] W-9004-my_fancy_model_1.0-stdout MODEL_LOG - Connection accepted: ('127.0.0.1', 9004).
2022-01-20T09:13:14,294 [INFO ] W-9005-my_fancy_model_1.0-stdout MODEL_LOG - Connection accepted: ('127.0.0.1', 9005).
2022-01-20T09:13:14,294 [INFO ] W-9002-my_fancy_model_1.0-stdout MODEL_LOG - Connection accepted: ('127.0.0.1', 9002).
2022-01-20T09:13:14,294 [INFO ] W-9001-my_fancy_model_1.0-stdout MODEL_LOG - Connection accepted: ('127.0.0.1', 9001).
2022-01-20T09:13:14,375 [INFO ] W-9006-my_fancy_model_1.0-stdout MODEL_LOG - model_name: my_fancy_model, batchSize: 1
2022-01-20T09:13:14,375 [INFO ] W-9001-my_fancy_model_1.0-stdout MODEL_LOG - model_name: my_fancy_model, batchSize: 1
2022-01-20T09:13:14,375 [INFO ] W-9007-my_fancy_model_1.0-stdout MODEL_LOG - model_name: my_fancy_model, batchSize: 1
2022-01-20T09:13:14,375 [INFO ] W-9002-my_fancy_model_1.0-stdout MODEL_LOG - model_name: my_fancy_model, batchSize: 1
2022-01-20T09:13:14,376 [INFO ] W-9004-my_fancy_model_1.0-stdout MODEL_LOG - model_name: my_fancy_model, batchSize: 1
2022-01-20T09:13:14,375 [INFO ] W-9003-my_fancy_model_1.0-stdout MODEL_LOG - model_name: my_fancy_model, batchSize: 1
2022-01-20T09:13:14,376 [INFO ] W-9000-my_fancy_model_1.0-stdout MODEL_LOG - model_name: my_fancy_model, batchSize: 1
2022-01-20T09:13:14,378 [INFO ] W-9005-my_fancy_model_1.0-stdout MODEL_LOG - model_name: my_fancy_model, batchSize: 1
