2022-01-20T08:41:04,256 [INFO ] pool-3-thread-2 TS_METRICS - CPUUtilization.Percent:0.0|#Level:Host|#hostname:LAPTOP-SA0HOGOT,timestamp:1642664464
2022-01-20T08:41:04,311 [INFO ] pool-3-thread-2 TS_METRICS - DiskAvailable.Gigabytes:51.403076171875|#Level:Host|#hostname:LAPTOP-SA0HOGOT,timestamp:1642664464
2022-01-20T08:41:04,314 [INFO ] pool-3-thread-2 TS_METRICS - DiskUsage.Gigabytes:185.82445907592773|#Level:Host|#hostname:LAPTOP-SA0HOGOT,timestamp:1642664464
2022-01-20T08:41:04,315 [INFO ] pool-3-thread-2 TS_METRICS - DiskUtilization.Percent:78.3|#Level:Host|#hostname:LAPTOP-SA0HOGOT,timestamp:1642664464
2022-01-20T08:41:04,316 [INFO ] pool-3-thread-2 TS_METRICS - MemoryAvailable.Megabytes:4354.3359375|#Level:Host|#hostname:LAPTOP-SA0HOGOT,timestamp:1642664464
2022-01-20T08:41:04,319 [INFO ] pool-3-thread-2 TS_METRICS - MemoryUsed.Megabytes:11777.6328125|#Level:Host|#hostname:LAPTOP-SA0HOGOT,timestamp:1642664464
2022-01-20T08:41:04,320 [INFO ] pool-3-thread-2 TS_METRICS - MemoryUtilization.Percent:73.0|#Level:Host|#hostname:LAPTOP-SA0HOGOT,timestamp:1642664464
2022-01-20T08:41:04,769 [INFO ] pool-3-thread-2 TS_METRICS - CPUUtilization.Percent:77.8|#Level:Host|#hostname:LAPTOP-SA0HOGOT,timestamp:1642664464
2022-01-20T08:41:04,770 [INFO ] pool-3-thread-2 TS_METRICS - DiskAvailable.Gigabytes:51.40802764892578|#Level:Host|#hostname:LAPTOP-SA0HOGOT,timestamp:1642664464
2022-01-20T08:41:04,771 [INFO ] pool-3-thread-2 TS_METRICS - DiskUsage.Gigabytes:185.81950759887695|#Level:Host|#hostname:LAPTOP-SA0HOGOT,timestamp:1642664464
2022-01-20T08:41:04,772 [INFO ] pool-3-thread-2 TS_METRICS - DiskUtilization.Percent:78.3|#Level:Host|#hostname:LAPTOP-SA0HOGOT,timestamp:1642664464
2022-01-20T08:41:04,773 [INFO ] pool-3-thread-2 TS_METRICS - MemoryAvailable.Megabytes:4373.359375|#Level:Host|#hostname:LAPTOP-SA0HOGOT,timestamp:1642664464
2022-01-20T08:41:04,774 [INFO ] pool-3-thread-2 TS_METRICS - MemoryUsed.Megabytes:11758.6015625|#Level:Host|#hostname:LAPTOP-SA0HOGOT,timestamp:1642664464
2022-01-20T08:41:04,775 [INFO ] pool-3-thread-2 TS_METRICS - MemoryUtilization.Percent:72.9|#Level:Host|#hostname:LAPTOP-SA0HOGOT,timestamp:1642664464
2022-01-20T08:41:05,115 [INFO ] pool-3-thread-1 TS_METRICS - CPUUtilization.Percent:75.0|#Level:Host|#hostname:LAPTOP-SA0HOGOT,timestamp:1642664465
2022-01-20T08:41:05,117 [INFO ] pool-3-thread-1 TS_METRICS - DiskAvailable.Gigabytes:51.408233642578125|#Level:Host|#hostname:LAPTOP-SA0HOGOT,timestamp:1642664465
2022-01-20T08:41:05,118 [INFO ] pool-3-thread-1 TS_METRICS - DiskUsage.Gigabytes:185.8193016052246|#Level:Host|#hostname:LAPTOP-SA0HOGOT,timestamp:1642664465
2022-01-20T08:41:05,119 [INFO ] pool-3-thread-1 TS_METRICS - DiskUtilization.Percent:78.3|#Level:Host|#hostname:LAPTOP-SA0HOGOT,timestamp:1642664465
2022-01-20T08:41:05,120 [INFO ] pool-3-thread-1 TS_METRICS - MemoryAvailable.Megabytes:4363.921875|#Level:Host|#hostname:LAPTOP-SA0HOGOT,timestamp:1642664465
2022-01-20T08:41:05,121 [INFO ] pool-3-thread-1 TS_METRICS - MemoryUsed.Megabytes:11768.10546875|#Level:Host|#hostname:LAPTOP-SA0HOGOT,timestamp:1642664465
2022-01-20T08:41:05,122 [INFO ] pool-3-thread-1 TS_METRICS - MemoryUtilization.Percent:72.9|#Level:Host|#hostname:LAPTOP-SA0HOGOT,timestamp:1642664465
2022-01-20T08:41:05,510 [INFO ] pool-3-thread-1 TS_METRICS - CPUUtilization.Percent:0.0|#Level:Host|#hostname:LAPTOP-SA0HOGOT,timestamp:1642664465
2022-01-20T08:41:05,510 [INFO ] pool-3-thread-1 TS_METRICS - DiskAvailable.Gigabytes:51.408172607421875|#Level:Host|#hostname:LAPTOP-SA0HOGOT,timestamp:1642664465
2022-01-20T08:41:05,511 [INFO ] pool-3-thread-1 TS_METRICS - DiskUsage.Gigabytes:185.81936264038086|#Level:Host|#hostname:LAPTOP-SA0HOGOT,timestamp:1642664465
2022-01-20T08:41:05,512 [INFO ] pool-3-thread-1 TS_METRICS - DiskUtilization.Percent:78.3|#Level:Host|#hostname:LAPTOP-SA0HOGOT,timestamp:1642664465
2022-01-20T08:41:05,516 [INFO ] pool-3-thread-1 TS_METRICS - MemoryAvailable.Megabytes:4349.625|#Level:Host|#hostname:LAPTOP-SA0HOGOT,timestamp:1642664465
2022-01-20T08:41:05,517 [INFO ] pool-3-thread-1 TS_METRICS - MemoryUsed.Megabytes:11782.3359375|#Level:Host|#hostname:LAPTOP-SA0HOGOT,timestamp:1642664465
2022-01-20T08:41:05,518 [INFO ] pool-3-thread-1 TS_METRICS - MemoryUtilization.Percent:73.0|#Level:Host|#hostname:LAPTOP-SA0HOGOT,timestamp:1642664465
2022-01-20T08:41:05,867 [INFO ] pool-3-thread-1 TS_METRICS - CPUUtilization.Percent:0.0|#Level:Host|#hostname:LAPTOP-SA0HOGOT,timestamp:1642664465
2022-01-20T08:41:05,868 [INFO ] pool-3-thread-1 TS_METRICS - DiskAvailable.Gigabytes:51.40815734863281|#Level:Host|#hostname:LAPTOP-SA0HOGOT,timestamp:1642664465
2022-01-20T08:41:05,869 [INFO ] pool-3-thread-1 TS_METRICS - DiskUsage.Gigabytes:185.81937789916992|#Level:Host|#hostname:LAPTOP-SA0HOGOT,timestamp:1642664465
2022-01-20T08:41:05,869 [INFO ] pool-3-thread-1 TS_METRICS - DiskUtilization.Percent:78.3|#Level:Host|#hostname:LAPTOP-SA0HOGOT,timestamp:1642664465
2022-01-20T08:41:05,870 [INFO ] pool-3-thread-1 TS_METRICS - MemoryAvailable.Megabytes:4354.97265625|#Level:Host|#hostname:LAPTOP-SA0HOGOT,timestamp:1642664465
2022-01-20T08:41:05,871 [INFO ] pool-3-thread-1 TS_METRICS - MemoryUsed.Megabytes:11776.98828125|#Level:Host|#hostname:LAPTOP-SA0HOGOT,timestamp:1642664465
2022-01-20T08:41:05,872 [INFO ] pool-3-thread-1 TS_METRICS - MemoryUtilization.Percent:73.0|#Level:Host|#hostname:LAPTOP-SA0HOGOT,timestamp:1642664465
2022-01-20T08:41:06,201 [INFO ] pool-3-thread-1 TS_METRICS - CPUUtilization.Percent:0.0|#Level:Host|#hostname:LAPTOP-SA0HOGOT,timestamp:1642664466
2022-01-20T08:41:06,201 [INFO ] pool-3-thread-1 TS_METRICS - DiskAvailable.Gigabytes:51.40803146362305|#Level:Host|#hostname:LAPTOP-SA0HOGOT,timestamp:1642664466
2022-01-20T08:41:06,202 [INFO ] pool-3-thread-1 TS_METRICS - DiskUsage.Gigabytes:185.8195037841797|#Level:Host|#hostname:LAPTOP-SA0HOGOT,timestamp:1642664466
2022-01-20T08:41:06,203 [INFO ] pool-3-thread-1 TS_METRICS - DiskUtilization.Percent:78.3|#Level:Host|#hostname:LAPTOP-SA0HOGOT,timestamp:1642664466
2022-01-20T08:41:06,204 [INFO ] pool-3-thread-1 TS_METRICS - MemoryAvailable.Megabytes:4353.62109375|#Level:Host|#hostname:LAPTOP-SA0HOGOT,timestamp:1642664466
2022-01-20T08:41:06,205 [INFO ] pool-3-thread-1 TS_METRICS - MemoryUsed.Megabytes:11778.33984375|#Level:Host|#hostname:LAPTOP-SA0HOGOT,timestamp:1642664466
2022-01-20T08:41:06,206 [INFO ] pool-3-thread-1 TS_METRICS - MemoryUtilization.Percent:73.0|#Level:Host|#hostname:LAPTOP-SA0HOGOT,timestamp:1642664466
2022-01-20T08:41:06,579 [INFO ] pool-3-thread-1 TS_METRICS - CPUUtilization.Percent:40.0|#Level:Host|#hostname:LAPTOP-SA0HOGOT,timestamp:1642664466
2022-01-20T08:41:06,580 [INFO ] pool-3-thread-1 TS_METRICS - DiskAvailable.Gigabytes:51.40803146362305|#Level:Host|#hostname:LAPTOP-SA0HOGOT,timestamp:1642664466
2022-01-20T08:41:06,581 [INFO ] pool-3-thread-1 TS_METRICS - DiskUsage.Gigabytes:185.8195037841797|#Level:Host|#hostname:LAPTOP-SA0HOGOT,timestamp:1642664466
2022-01-20T08:41:06,582 [INFO ] pool-3-thread-1 TS_METRICS - DiskUtilization.Percent:78.3|#Level:Host|#hostname:LAPTOP-SA0HOGOT,timestamp:1642664466
2022-01-20T08:41:06,583 [INFO ] pool-3-thread-1 TS_METRICS - MemoryAvailable.Megabytes:4358.171875|#Level:Host|#hostname:LAPTOP-SA0HOGOT,timestamp:1642664466
2022-01-20T08:41:06,584 [INFO ] pool-3-thread-1 TS_METRICS - MemoryUsed.Megabytes:11773.7890625|#Level:Host|#hostname:LAPTOP-SA0HOGOT,timestamp:1642664466
2022-01-20T08:41:06,585 [INFO ] pool-3-thread-1 TS_METRICS - MemoryUtilization.Percent:73.0|#Level:Host|#hostname:LAPTOP-SA0HOGOT,timestamp:1642664466
2022-01-20T08:41:06,940 [INFO ] pool-3-thread-1 TS_METRICS - CPUUtilization.Percent:0.0|#Level:Host|#hostname:LAPTOP-SA0HOGOT,timestamp:1642664466
2022-01-20T08:41:06,941 [INFO ] pool-3-thread-1 TS_METRICS - DiskAvailable.Gigabytes:51.40803146362305|#Level:Host|#hostname:LAPTOP-SA0HOGOT,timestamp:1642664466
2022-01-20T08:41:06,942 [INFO ] pool-3-thread-1 TS_METRICS - DiskUsage.Gigabytes:185.8195037841797|#Level:Host|#hostname:LAPTOP-SA0HOGOT,timestamp:1642664466
2022-01-20T08:41:06,943 [INFO ] pool-3-thread-1 TS_METRICS - DiskUtilization.Percent:78.3|#Level:Host|#hostname:LAPTOP-SA0HOGOT,timestamp:1642664466
2022-01-20T08:41:06,944 [INFO ] pool-3-thread-1 TS_METRICS - MemoryAvailable.Megabytes:4351.5703125|#Level:Host|#hostname:LAPTOP-SA0HOGOT,timestamp:1642664466
2022-01-20T08:41:06,945 [INFO ] pool-3-thread-1 TS_METRICS - MemoryUsed.Megabytes:11780.390625|#Level:Host|#hostname:LAPTOP-SA0HOGOT,timestamp:1642664466
2022-01-20T08:41:06,946 [INFO ] pool-3-thread-1 TS_METRICS - MemoryUtilization.Percent:73.0|#Level:Host|#hostname:LAPTOP-SA0HOGOT,timestamp:1642664466
2022-01-20T08:41:07,334 [INFO ] pool-3-thread-1 TS_METRICS - CPUUtilization.Percent:0.0|#Level:Host|#hostname:LAPTOP-SA0HOGOT,timestamp:1642664467
2022-01-20T08:41:07,335 [INFO ] pool-3-thread-1 TS_METRICS - DiskAvailable.Gigabytes:51.40802764892578|#Level:Host|#hostname:LAPTOP-SA0HOGOT,timestamp:1642664467
2022-01-20T08:41:07,336 [INFO ] pool-3-thread-1 TS_METRICS - DiskUsage.Gigabytes:185.81950759887695|#Level:Host|#hostname:LAPTOP-SA0HOGOT,timestamp:1642664467
2022-01-20T08:41:07,337 [INFO ] pool-3-thread-1 TS_METRICS - DiskUtilization.Percent:78.3|#Level:Host|#hostname:LAPTOP-SA0HOGOT,timestamp:1642664467
2022-01-20T08:41:07,338 [INFO ] pool-3-thread-1 TS_METRICS - MemoryAvailable.Megabytes:4351.31640625|#Level:Host|#hostname:LAPTOP-SA0HOGOT,timestamp:1642664467
2022-01-20T08:41:07,339 [INFO ] pool-3-thread-1 TS_METRICS - MemoryUsed.Megabytes:11780.64453125|#Level:Host|#hostname:LAPTOP-SA0HOGOT,timestamp:1642664467
2022-01-20T08:41:07,339 [INFO ] pool-3-thread-1 TS_METRICS - MemoryUtilization.Percent:73.0|#Level:Host|#hostname:LAPTOP-SA0HOGOT,timestamp:1642664467
2022-01-20T08:41:07,746 [INFO ] pool-3-thread-1 TS_METRICS - CPUUtilization.Percent:0.0|#Level:Host|#hostname:LAPTOP-SA0HOGOT,timestamp:1642664467
2022-01-20T08:41:07,747 [INFO ] pool-3-thread-1 TS_METRICS - DiskAvailable.Gigabytes:51.408084869384766|#Level:Host|#hostname:LAPTOP-SA0HOGOT,timestamp:1642664467
2022-01-20T08:41:07,748 [INFO ] pool-3-thread-1 TS_METRICS - DiskUsage.Gigabytes:185.81945037841797|#Level:Host|#hostname:LAPTOP-SA0HOGOT,timestamp:1642664467
2022-01-20T08:41:07,749 [INFO ] pool-3-thread-1 TS_METRICS - DiskUtilization.Percent:78.3|#Level:Host|#hostname:LAPTOP-SA0HOGOT,timestamp:1642664467
2022-01-20T08:41:07,750 [INFO ] pool-3-thread-1 TS_METRICS - MemoryAvailable.Megabytes:4399.6328125|#Level:Host|#hostname:LAPTOP-SA0HOGOT,timestamp:1642664467
2022-01-20T08:41:07,751 [INFO ] pool-3-thread-1 TS_METRICS - MemoryUsed.Megabytes:11732.328125|#Level:Host|#hostname:LAPTOP-SA0HOGOT,timestamp:1642664467
2022-01-20T08:41:07,751 [INFO ] pool-3-thread-1 TS_METRICS - MemoryUtilization.Percent:72.7|#Level:Host|#hostname:LAPTOP-SA0HOGOT,timestamp:1642664467
2022-01-20T08:41:08,310 [INFO ] pool-3-thread-1 TS_METRICS - CPUUtilization.Percent:0.0|#Level:Host|#hostname:LAPTOP-SA0HOGOT,timestamp:1642664468
2022-01-20T08:41:08,311 [INFO ] pool-3-thread-1 TS_METRICS - DiskAvailable.Gigabytes:51.40788650512695|#Level:Host|#hostname:LAPTOP-SA0HOGOT,timestamp:1642664468
2022-01-20T08:41:08,312 [INFO ] pool-3-thread-1 TS_METRICS - DiskUsage.Gigabytes:185.81964874267578|#Level:Host|#hostname:LAPTOP-SA0HOGOT,timestamp:1642664468
2022-01-20T08:41:08,313 [INFO ] pool-3-thread-1 TS_METRICS - DiskUtilization.Percent:78.3|#Level:Host|#hostname:LAPTOP-SA0HOGOT,timestamp:1642664468
2022-01-20T08:41:08,314 [INFO ] pool-3-thread-1 TS_METRICS - MemoryAvailable.Megabytes:4415.59375|#Level:Host|#hostname:LAPTOP-SA0HOGOT,timestamp:1642664468
2022-01-20T08:41:08,315 [INFO ] pool-3-thread-1 TS_METRICS - MemoryUsed.Megabytes:11716.27734375|#Level:Host|#hostname:LAPTOP-SA0HOGOT,timestamp:1642664468
2022-01-20T08:41:08,316 [INFO ] pool-3-thread-1 TS_METRICS - MemoryUtilization.Percent:72.6|#Level:Host|#hostname:LAPTOP-SA0HOGOT,timestamp:1642664468
2022-01-20T08:41:08,691 [INFO ] pool-3-thread-1 TS_METRICS - CPUUtilization.Percent:100.0|#Level:Host|#hostname:LAPTOP-SA0HOGOT,timestamp:1642664468
2022-01-20T08:41:08,692 [INFO ] pool-3-thread-1 TS_METRICS - DiskAvailable.Gigabytes:51.407833099365234|#Level:Host|#hostname:LAPTOP-SA0HOGOT,timestamp:1642664468
2022-01-20T08:41:08,693 [INFO ] pool-3-thread-1 TS_METRICS - DiskUsage.Gigabytes:185.8197021484375|#Level:Host|#hostname:LAPTOP-SA0HOGOT,timestamp:1642664468
2022-01-20T08:41:08,694 [INFO ] pool-3-thread-1 TS_METRICS - DiskUtilization.Percent:78.3|#Level:Host|#hostname:LAPTOP-SA0HOGOT,timestamp:1642664468
2022-01-20T08:41:08,695 [INFO ] pool-3-thread-1 TS_METRICS - MemoryAvailable.Megabytes:4435.515625|#Level:Host|#hostname:LAPTOP-SA0HOGOT,timestamp:1642664468
2022-01-20T08:41:08,696 [INFO ] pool-3-thread-1 TS_METRICS - MemoryUsed.Megabytes:11696.4453125|#Level:Host|#hostname:LAPTOP-SA0HOGOT,timestamp:1642664468
2022-01-20T08:41:08,697 [INFO ] pool-3-thread-1 TS_METRICS - MemoryUtilization.Percent:72.5|#Level:Host|#hostname:LAPTOP-SA0HOGOT,timestamp:1642664468
2022-01-20T08:41:09,027 [INFO ] pool-3-thread-2 TS_METRICS - CPUUtilization.Percent:0.0|#Level:Host|#hostname:LAPTOP-SA0HOGOT,timestamp:1642664469
2022-01-20T08:41:09,028 [INFO ] pool-3-thread-2 TS_METRICS - DiskAvailable.Gigabytes:51.407814025878906|#Level:Host|#hostname:LAPTOP-SA0HOGOT,timestamp:1642664469
2022-01-20T08:41:09,029 [INFO ] pool-3-thread-2 TS_METRICS - DiskUsage.Gigabytes:185.81972122192383|#Level:Host|#hostname:LAPTOP-SA0HOGOT,timestamp:1642664469
2022-01-20T08:41:09,030 [INFO ] pool-3-thread-2 TS_METRICS - DiskUtilization.Percent:78.3|#Level:Host|#hostname:LAPTOP-SA0HOGOT,timestamp:1642664469
2022-01-20T08:41:09,030 [INFO ] pool-3-thread-2 TS_METRICS - MemoryAvailable.Megabytes:4432.51171875|#Level:Host|#hostname:LAPTOP-SA0HOGOT,timestamp:1642664469
2022-01-20T08:41:09,031 [INFO ] pool-3-thread-2 TS_METRICS - MemoryUsed.Megabytes:11699.44921875|#Level:Host|#hostname:LAPTOP-SA0HOGOT,timestamp:1642664469
2022-01-20T08:41:09,032 [INFO ] pool-3-thread-2 TS_METRICS - MemoryUtilization.Percent:72.5|#Level:Host|#hostname:LAPTOP-SA0HOGOT,timestamp:1642664469
2022-01-20T08:41:09,346 [INFO ] pool-3-thread-2 TS_METRICS - CPUUtilization.Percent:62.5|#Level:Host|#hostname:LAPTOP-SA0HOGOT,timestamp:1642664469
2022-01-20T08:41:09,347 [INFO ] pool-3-thread-2 TS_METRICS - DiskAvailable.Gigabytes:51.407814025878906|#Level:Host|#hostname:LAPTOP-SA0HOGOT,timestamp:1642664469
2022-01-20T08:41:09,348 [INFO ] pool-3-thread-2 TS_METRICS - DiskUsage.Gigabytes:185.81972122192383|#Level:Host|#hostname:LAPTOP-SA0HOGOT,timestamp:1642664469
2022-01-20T08:41:09,349 [INFO ] pool-3-thread-2 TS_METRICS - DiskUtilization.Percent:78.3|#Level:Host|#hostname:LAPTOP-SA0HOGOT,timestamp:1642664469
2022-01-20T08:41:09,350 [INFO ] pool-3-thread-2 TS_METRICS - MemoryAvailable.Megabytes:4427.08984375|#Level:Host|#hostname:LAPTOP-SA0HOGOT,timestamp:1642664469
2022-01-20T08:41:09,351 [INFO ] pool-3-thread-2 TS_METRICS - MemoryUsed.Megabytes:11704.87109375|#Level:Host|#hostname:LAPTOP-SA0HOGOT,timestamp:1642664469
2022-01-20T08:41:09,351 [INFO ] pool-3-thread-2 TS_METRICS - MemoryUtilization.Percent:72.6|#Level:Host|#hostname:LAPTOP-SA0HOGOT,timestamp:1642664469
2022-01-20T08:41:09,720 [INFO ] pool-3-thread-2 TS_METRICS - CPUUtilization.Percent:50.0|#Level:Host|#hostname:LAPTOP-SA0HOGOT,timestamp:1642664469
2022-01-20T08:41:09,721 [INFO ] pool-3-thread-2 TS_METRICS - DiskAvailable.Gigabytes:51.40781784057617|#Level:Host|#hostname:LAPTOP-SA0HOGOT,timestamp:1642664469
2022-01-20T08:41:09,722 [INFO ] pool-3-thread-2 TS_METRICS - DiskUsage.Gigabytes:185.81971740722656|#Level:Host|#hostname:LAPTOP-SA0HOGOT,timestamp:1642664469
2022-01-20T08:41:09,723 [INFO ] pool-3-thread-2 TS_METRICS - DiskUtilization.Percent:78.3|#Level:Host|#hostname:LAPTOP-SA0HOGOT,timestamp:1642664469
2022-01-20T08:41:09,724 [INFO ] pool-3-thread-2 TS_METRICS - MemoryAvailable.Megabytes:4422.2421875|#Level:Host|#hostname:LAPTOP-SA0HOGOT,timestamp:1642664469
2022-01-20T08:41:09,725 [INFO ] pool-3-thread-2 TS_METRICS - MemoryUsed.Megabytes:11709.71875|#Level:Host|#hostname:LAPTOP-SA0HOGOT,timestamp:1642664469
2022-01-20T08:41:09,728 [INFO ] pool-3-thread-2 TS_METRICS - MemoryUtilization.Percent:72.6|#Level:Host|#hostname:LAPTOP-SA0HOGOT,timestamp:1642664469
2022-01-20T08:41:10,095 [INFO ] pool-3-thread-2 TS_METRICS - CPUUtilization.Percent:71.4|#Level:Host|#hostname:LAPTOP-SA0HOGOT,timestamp:1642664470
2022-01-20T08:41:10,097 [INFO ] pool-3-thread-2 TS_METRICS - DiskAvailable.Gigabytes:51.40781784057617|#Level:Host|#hostname:LAPTOP-SA0HOGOT,timestamp:1642664470
2022-01-20T08:41:10,098 [INFO ] pool-3-thread-2 TS_METRICS - DiskUsage.Gigabytes:185.81971740722656|#Level:Host|#hostname:LAPTOP-SA0HOGOT,timestamp:1642664470
2022-01-20T08:41:10,099 [INFO ] pool-3-thread-2 TS_METRICS - DiskUtilization.Percent:78.3|#Level:Host|#hostname:LAPTOP-SA0HOGOT,timestamp:1642664470
2022-01-20T08:41:10,100 [INFO ] pool-3-thread-2 TS_METRICS - MemoryAvailable.Megabytes:4415.73828125|#Level:Host|#hostname:LAPTOP-SA0HOGOT,timestamp:1642664470
2022-01-20T08:41:10,101 [INFO ] pool-3-thread-2 TS_METRICS - MemoryUsed.Megabytes:11716.22265625|#Level:Host|#hostname:LAPTOP-SA0HOGOT,timestamp:1642664470
2022-01-20T08:41:10,101 [INFO ] pool-3-thread-2 TS_METRICS - MemoryUtilization.Percent:72.6|#Level:Host|#hostname:LAPTOP-SA0HOGOT,timestamp:1642664470
2022-01-20T08:41:10,444 [INFO ] pool-3-thread-1 TS_METRICS - CPUUtilization.Percent:0.0|#Level:Host|#hostname:LAPTOP-SA0HOGOT,timestamp:1642664470
2022-01-20T08:41:10,445 [INFO ] pool-3-thread-1 TS_METRICS - DiskAvailable.Gigabytes:51.40781021118164|#Level:Host|#hostname:LAPTOP-SA0HOGOT,timestamp:1642664470
2022-01-20T08:41:10,445 [INFO ] pool-3-thread-1 TS_METRICS - DiskUsage.Gigabytes:185.8197250366211|#Level:Host|#hostname:LAPTOP-SA0HOGOT,timestamp:1642664470
2022-01-20T08:41:10,446 [INFO ] pool-3-thread-1 TS_METRICS - DiskUtilization.Percent:78.3|#Level:Host|#hostname:LAPTOP-SA0HOGOT,timestamp:1642664470
2022-01-20T08:41:10,447 [INFO ] pool-3-thread-1 TS_METRICS - MemoryAvailable.Megabytes:4426.23828125|#Level:Host|#hostname:LAPTOP-SA0HOGOT,timestamp:1642664470
2022-01-20T08:41:10,448 [INFO ] pool-3-thread-1 TS_METRICS - MemoryUsed.Megabytes:11705.72265625|#Level:Host|#hostname:LAPTOP-SA0HOGOT,timestamp:1642664470
2022-01-20T08:41:10,449 [INFO ] pool-3-thread-1 TS_METRICS - MemoryUtilization.Percent:72.6|#Level:Host|#hostname:LAPTOP-SA0HOGOT,timestamp:1642664470
2022-01-20T08:41:10,756 [INFO ] pool-3-thread-1 TS_METRICS - CPUUtilization.Percent:0.0|#Level:Host|#hostname:LAPTOP-SA0HOGOT,timestamp:1642664470
2022-01-20T08:41:10,757 [INFO ] pool-3-thread-1 TS_METRICS - DiskAvailable.Gigabytes:51.40769577026367|#Level:Host|#hostname:LAPTOP-SA0HOGOT,timestamp:1642664470
2022-01-20T08:41:10,758 [INFO ] pool-3-thread-1 TS_METRICS - DiskUsage.Gigabytes:185.81983947753906|#Level:Host|#hostname:LAPTOP-SA0HOGOT,timestamp:1642664470
2022-01-20T08:41:10,759 [INFO ] pool-3-thread-1 TS_METRICS - DiskUtilization.Percent:78.3|#Level:Host|#hostname:LAPTOP-SA0HOGOT,timestamp:1642664470
2022-01-20T08:41:10,759 [INFO ] pool-3-thread-1 TS_METRICS - MemoryAvailable.Megabytes:4418.90234375|#Level:Host|#hostname:LAPTOP-SA0HOGOT,timestamp:1642664470
2022-01-20T08:41:10,760 [INFO ] pool-3-thread-1 TS_METRICS - MemoryUsed.Megabytes:11713.05859375|#Level:Host|#hostname:LAPTOP-SA0HOGOT,timestamp:1642664470
2022-01-20T08:41:10,761 [INFO ] pool-3-thread-1 TS_METRICS - MemoryUtilization.Percent:72.6|#Level:Host|#hostname:LAPTOP-SA0HOGOT,timestamp:1642664470
2022-01-20T08:41:11,066 [INFO ] pool-3-thread-1 TS_METRICS - CPUUtilization.Percent:0.0|#Level:Host|#hostname:LAPTOP-SA0HOGOT,timestamp:1642664471
2022-01-20T08:41:11,067 [INFO ] pool-3-thread-1 TS_METRICS - DiskAvailable.Gigabytes:51.40769577026367|#Level:Host|#hostname:LAPTOP-SA0HOGOT,timestamp:1642664471
2022-01-20T08:41:11,067 [INFO ] pool-3-thread-1 TS_METRICS - DiskUsage.Gigabytes:185.81983947753906|#Level:Host|#hostname:LAPTOP-SA0HOGOT,timestamp:1642664471
2022-01-20T08:41:11,068 [INFO ] pool-3-thread-1 TS_METRICS - DiskUtilization.Percent:78.3|#Level:Host|#hostname:LAPTOP-SA0HOGOT,timestamp:1642664471
2022-01-20T08:41:11,069 [INFO ] pool-3-thread-1 TS_METRICS - MemoryAvailable.Megabytes:4427.6328125|#Level:Host|#hostname:LAPTOP-SA0HOGOT,timestamp:1642664471
2022-01-20T08:41:11,070 [INFO ] pool-3-thread-1 TS_METRICS - MemoryUsed.Megabytes:11704.328125|#Level:Host|#hostname:LAPTOP-SA0HOGOT,timestamp:1642664471
2022-01-20T08:41:11,071 [INFO ] pool-3-thread-1 TS_METRICS - MemoryUtilization.Percent:72.6|#Level:Host|#hostname:LAPTOP-SA0HOGOT,timestamp:1642664471
2022-01-20T08:41:11,379 [INFO ] pool-3-thread-2 TS_METRICS - CPUUtilization.Percent:0.0|#Level:Host|#hostname:LAPTOP-SA0HOGOT,timestamp:1642664471
2022-01-20T08:41:11,380 [INFO ] pool-3-thread-2 TS_METRICS - DiskAvailable.Gigabytes:51.40769577026367|#Level:Host|#hostname:LAPTOP-SA0HOGOT,timestamp:1642664471
2022-01-20T08:41:11,381 [INFO ] pool-3-thread-2 TS_METRICS - DiskUsage.Gigabytes:185.81983947753906|#Level:Host|#hostname:LAPTOP-SA0HOGOT,timestamp:1642664471
2022-01-20T08:41:11,382 [INFO ] pool-3-thread-2 TS_METRICS - DiskUtilization.Percent:78.3|#Level:Host|#hostname:LAPTOP-SA0HOGOT,timestamp:1642664471
2022-01-20T08:41:11,382 [INFO ] pool-3-thread-2 TS_METRICS - MemoryAvailable.Megabytes:4436.03515625|#Level:Host|#hostname:LAPTOP-SA0HOGOT,timestamp:1642664471
2022-01-20T08:41:11,383 [INFO ] pool-3-thread-2 TS_METRICS - MemoryUsed.Megabytes:11695.92578125|#Level:Host|#hostname:LAPTOP-SA0HOGOT,timestamp:1642664471
2022-01-20T08:41:11,384 [INFO ] pool-3-thread-2 TS_METRICS - MemoryUtilization.Percent:72.5|#Level:Host|#hostname:LAPTOP-SA0HOGOT,timestamp:1642664471
2022-01-20T08:41:11,616 [INFO ] pool-3-thread-1 TS_METRICS - CPUUtilization.Percent:0.0|#Level:Host|#hostname:LAPTOP-SA0HOGOT,timestamp:1642664471
2022-01-20T08:41:11,617 [INFO ] pool-3-thread-1 TS_METRICS - DiskAvailable.Gigabytes:51.407691955566406|#Level:Host|#hostname:LAPTOP-SA0HOGOT,timestamp:1642664471
2022-01-20T08:41:11,617 [INFO ] pool-3-thread-1 TS_METRICS - DiskUsage.Gigabytes:185.81984329223633|#Level:Host|#hostname:LAPTOP-SA0HOGOT,timestamp:1642664471
2022-01-20T08:41:11,618 [INFO ] pool-3-thread-1 TS_METRICS - DiskUtilization.Percent:78.3|#Level:Host|#hostname:LAPTOP-SA0HOGOT,timestamp:1642664471
2022-01-20T08:41:11,619 [INFO ] pool-3-thread-1 TS_METRICS - MemoryAvailable.Megabytes:4442.01171875|#Level:Host|#hostname:LAPTOP-SA0HOGOT,timestamp:1642664471
2022-01-20T08:41:11,619 [INFO ] pool-3-thread-1 TS_METRICS - MemoryUsed.Megabytes:11689.94921875|#Level:Host|#hostname:LAPTOP-SA0HOGOT,timestamp:1642664471
2022-01-20T08:41:11,620 [INFO ] pool-3-thread-1 TS_METRICS - MemoryUtilization.Percent:72.5|#Level:Host|#hostname:LAPTOP-SA0HOGOT,timestamp:1642664471
2022-01-20T08:41:11,957 [INFO ] pool-3-thread-1 TS_METRICS - CPUUtilization.Percent:0.0|#Level:Host|#hostname:LAPTOP-SA0HOGOT,timestamp:1642664471
2022-01-20T08:41:11,958 [INFO ] pool-3-thread-1 TS_METRICS - DiskAvailable.Gigabytes:51.40607833862305|#Level:Host|#hostname:LAPTOP-SA0HOGOT,timestamp:1642664471
2022-01-20T08:41:11,959 [INFO ] pool-3-thread-1 TS_METRICS - DiskUsage.Gigabytes:185.8214569091797|#Level:Host|#hostname:LAPTOP-SA0HOGOT,timestamp:1642664471
2022-01-20T08:41:11,959 [INFO ] pool-3-thread-1 TS_METRICS - DiskUtilization.Percent:78.3|#Level:Host|#hostname:LAPTOP-SA0HOGOT,timestamp:1642664471
2022-01-20T08:41:11,960 [INFO ] pool-3-thread-1 TS_METRICS - MemoryAvailable.Megabytes:4388.13671875|#Level:Host|#hostname:LAPTOP-SA0HOGOT,timestamp:1642664471
2022-01-20T08:41:11,961 [INFO ] pool-3-thread-1 TS_METRICS - MemoryUsed.Megabytes:11743.828125|#Level:Host|#hostname:LAPTOP-SA0HOGOT,timestamp:1642664471
2022-01-20T08:41:11,962 [INFO ] pool-3-thread-1 TS_METRICS - MemoryUtilization.Percent:72.8|#Level:Host|#hostname:LAPTOP-SA0HOGOT,timestamp:1642664471
2022-01-20T08:41:12,265 [INFO ] pool-3-thread-1 TS_METRICS - CPUUtilization.Percent:0.0|#Level:Host|#hostname:LAPTOP-SA0HOGOT,timestamp:1642664472
2022-01-20T08:41:12,266 [INFO ] pool-3-thread-1 TS_METRICS - DiskAvailable.Gigabytes:51.40607833862305|#Level:Host|#hostname:LAPTOP-SA0HOGOT,timestamp:1642664472
2022-01-20T08:41:12,266 [INFO ] pool-3-thread-1 TS_METRICS - DiskUsage.Gigabytes:185.8214569091797|#Level:Host|#hostname:LAPTOP-SA0HOGOT,timestamp:1642664472
2022-01-20T08:41:12,267 [INFO ] pool-3-thread-1 TS_METRICS - DiskUtilization.Percent:78.3|#Level:Host|#hostname:LAPTOP-SA0HOGOT,timestamp:1642664472
2022-01-20T08:41:12,268 [INFO ] pool-3-thread-1 TS_METRICS - MemoryAvailable.Megabytes:4403.31640625|#Level:Host|#hostname:LAPTOP-SA0HOGOT,timestamp:1642664472
2022-01-20T08:41:12,269 [INFO ] pool-3-thread-1 TS_METRICS - MemoryUsed.Megabytes:11728.64453125|#Level:Host|#hostname:LAPTOP-SA0HOGOT,timestamp:1642664472
2022-01-20T08:41:12,270 [INFO ] pool-3-thread-1 TS_METRICS - MemoryUtilization.Percent:72.7|#Level:Host|#hostname:LAPTOP-SA0HOGOT,timestamp:1642664472
2022-01-20T08:41:12,554 [INFO ] pool-3-thread-2 TS_METRICS - CPUUtilization.Percent:0.0|#Level:Host|#hostname:LAPTOP-SA0HOGOT,timestamp:1642664472
2022-01-20T08:41:12,555 [INFO ] pool-3-thread-2 TS_METRICS - DiskAvailable.Gigabytes:51.40595626831055|#Level:Host|#hostname:LAPTOP-SA0HOGOT,timestamp:1642664472
2022-01-20T08:41:12,555 [INFO ] pool-3-thread-2 TS_METRICS - DiskUsage.Gigabytes:185.8215789794922|#Level:Host|#hostname:LAPTOP-SA0HOGOT,timestamp:1642664472
2022-01-20T08:41:12,556 [INFO ] pool-3-thread-2 TS_METRICS - DiskUtilization.Percent:78.3|#Level:Host|#hostname:LAPTOP-SA0HOGOT,timestamp:1642664472
2022-01-20T08:41:12,557 [INFO ] pool-3-thread-2 TS_METRICS - MemoryAvailable.Megabytes:4405.15625|#Level:Host|#hostname:LAPTOP-SA0HOGOT,timestamp:1642664472
2022-01-20T08:41:12,557 [INFO ] pool-3-thread-2 TS_METRICS - MemoryUsed.Megabytes:11726.8046875|#Level:Host|#hostname:LAPTOP-SA0HOGOT,timestamp:1642664472
2022-01-20T08:41:12,558 [INFO ] pool-3-thread-2 TS_METRICS - MemoryUtilization.Percent:72.7|#Level:Host|#hostname:LAPTOP-SA0HOGOT,timestamp:1642664472
2022-01-20T08:41:12,796 [INFO ] pool-3-thread-2 TS_METRICS - CPUUtilization.Percent:0.0|#Level:Host|#hostname:LAPTOP-SA0HOGOT,timestamp:1642664472
2022-01-20T08:41:12,797 [INFO ] pool-3-thread-2 TS_METRICS - DiskAvailable.Gigabytes:51.40595626831055|#Level:Host|#hostname:LAPTOP-SA0HOGOT,timestamp:1642664472
2022-01-20T08:41:12,798 [INFO ] pool-3-thread-2 TS_METRICS - DiskUsage.Gigabytes:185.8215789794922|#Level:Host|#hostname:LAPTOP-SA0HOGOT,timestamp:1642664472
2022-01-20T08:41:12,799 [INFO ] pool-3-thread-2 TS_METRICS - DiskUtilization.Percent:78.3|#Level:Host|#hostname:LAPTOP-SA0HOGOT,timestamp:1642664472
2022-01-20T08:41:12,799 [INFO ] pool-3-thread-2 TS_METRICS - MemoryAvailable.Megabytes:4402.41796875|#Level:Host|#hostname:LAPTOP-SA0HOGOT,timestamp:1642664472
2022-01-20T08:41:12,800 [INFO ] pool-3-thread-2 TS_METRICS - MemoryUsed.Megabytes:11729.54296875|#Level:Host|#hostname:LAPTOP-SA0HOGOT,timestamp:1642664472
2022-01-20T08:41:12,801 [INFO ] pool-3-thread-2 TS_METRICS - MemoryUtilization.Percent:72.7|#Level:Host|#hostname:LAPTOP-SA0HOGOT,timestamp:1642664472
2022-01-20T08:41:13,014 [INFO ] pool-3-thread-2 TS_METRICS - CPUUtilization.Percent:0.0|#Level:Host|#hostname:LAPTOP-SA0HOGOT,timestamp:1642664473
2022-01-20T08:41:13,015 [INFO ] pool-3-thread-2 TS_METRICS - DiskAvailable.Gigabytes:51.405914306640625|#Level:Host|#hostname:LAPTOP-SA0HOGOT,timestamp:1642664473
2022-01-20T08:41:13,015 [INFO ] pool-3-thread-2 TS_METRICS - DiskUsage.Gigabytes:185.8216209411621|#Level:Host|#hostname:LAPTOP-SA0HOGOT,timestamp:1642664473
2022-01-20T08:41:13,016 [INFO ] pool-3-thread-2 TS_METRICS - DiskUtilization.Percent:78.3|#Level:Host|#hostname:LAPTOP-SA0HOGOT,timestamp:1642664473
2022-01-20T08:41:13,016 [INFO ] pool-3-thread-2 TS_METRICS - MemoryAvailable.Megabytes:4408.02734375|#Level:Host|#hostname:LAPTOP-SA0HOGOT,timestamp:1642664473
2022-01-20T08:41:13,017 [INFO ] pool-3-thread-2 TS_METRICS - MemoryUsed.Megabytes:11723.93359375|#Level:Host|#hostname:LAPTOP-SA0HOGOT,timestamp:1642664473
2022-01-20T08:41:13,018 [INFO ] pool-3-thread-2 TS_METRICS - MemoryUtilization.Percent:72.7|#Level:Host|#hostname:LAPTOP-SA0HOGOT,timestamp:1642664473
2022-01-20T08:41:13,232 [INFO ] pool-3-thread-2 TS_METRICS - CPUUtilization.Percent:0.0|#Level:Host|#hostname:LAPTOP-SA0HOGOT,timestamp:1642664473
2022-01-20T08:41:13,232 [INFO ] pool-3-thread-2 TS_METRICS - DiskAvailable.Gigabytes:51.405792236328125|#Level:Host|#hostname:LAPTOP-SA0HOGOT,timestamp:1642664473
2022-01-20T08:41:13,233 [INFO ] pool-3-thread-2 TS_METRICS - DiskUsage.Gigabytes:185.8217430114746|#Level:Host|#hostname:LAPTOP-SA0HOGOT,timestamp:1642664473
2022-01-20T08:41:13,234 [INFO ] pool-3-thread-2 TS_METRICS - DiskUtilization.Percent:78.3|#Level:Host|#hostname:LAPTOP-SA0HOGOT,timestamp:1642664473
2022-01-20T08:41:13,234 [INFO ] pool-3-thread-2 TS_METRICS - MemoryAvailable.Megabytes:4406.6796875|#Level:Host|#hostname:LAPTOP-SA0HOGOT,timestamp:1642664473
2022-01-20T08:41:13,235 [INFO ] pool-3-thread-2 TS_METRICS - MemoryUsed.Megabytes:11725.28125|#Level:Host|#hostname:LAPTOP-SA0HOGOT,timestamp:1642664473
2022-01-20T08:41:13,235 [INFO ] pool-3-thread-2 TS_METRICS - MemoryUtilization.Percent:72.7|#Level:Host|#hostname:LAPTOP-SA0HOGOT,timestamp:1642664473
2022-01-20T08:41:13,432 [INFO ] pool-3-thread-2 TS_METRICS - CPUUtilization.Percent:0.0|#Level:Host|#hostname:LAPTOP-SA0HOGOT,timestamp:1642664473
2022-01-20T08:41:13,433 [INFO ] pool-3-thread-2 TS_METRICS - DiskAvailable.Gigabytes:51.405670166015625|#Level:Host|#hostname:LAPTOP-SA0HOGOT,timestamp:1642664473
2022-01-20T08:41:13,433 [INFO ] pool-3-thread-2 TS_METRICS - DiskUsage.Gigabytes:185.8218650817871|#Level:Host|#hostname:LAPTOP-SA0HOGOT,timestamp:1642664473
2022-01-20T08:41:13,434 [INFO ] pool-3-thread-2 TS_METRICS - DiskUtilization.Percent:78.3|#Level:Host|#hostname:LAPTOP-SA0HOGOT,timestamp:1642664473
2022-01-20T08:41:13,435 [INFO ] pool-3-thread-2 TS_METRICS - MemoryAvailable.Megabytes:4405.00390625|#Level:Host|#hostname:LAPTOP-SA0HOGOT,timestamp:1642664473
2022-01-20T08:41:13,435 [INFO ] pool-3-thread-2 TS_METRICS - MemoryUsed.Megabytes:11726.95703125|#Level:Host|#hostname:LAPTOP-SA0HOGOT,timestamp:1642664473
2022-01-20T08:41:13,436 [INFO ] pool-3-thread-2 TS_METRICS - MemoryUtilization.Percent:72.7|#Level:Host|#hostname:LAPTOP-SA0HOGOT,timestamp:1642664473
2022-01-20T08:41:13,631 [INFO ] pool-3-thread-2 TS_METRICS - CPUUtilization.Percent:0.0|#Level:Host|#hostname:LAPTOP-SA0HOGOT,timestamp:1642664473
2022-01-20T08:41:13,632 [INFO ] pool-3-thread-2 TS_METRICS - DiskAvailable.Gigabytes:51.405548095703125|#Level:Host|#hostname:LAPTOP-SA0HOGOT,timestamp:1642664473
2022-01-20T08:41:13,632 [INFO ] pool-3-thread-2 TS_METRICS - DiskUsage.Gigabytes:185.8219871520996|#Level:Host|#hostname:LAPTOP-SA0HOGOT,timestamp:1642664473
2022-01-20T08:41:13,633 [INFO ] pool-3-thread-2 TS_METRICS - DiskUtilization.Percent:78.3|#Level:Host|#hostname:LAPTOP-SA0HOGOT,timestamp:1642664473
2022-01-20T08:41:13,633 [INFO ] pool-3-thread-2 TS_METRICS - MemoryAvailable.Megabytes:4404.2890625|#Level:Host|#hostname:LAPTOP-SA0HOGOT,timestamp:1642664473
2022-01-20T08:41:13,634 [INFO ] pool-3-thread-2 TS_METRICS - MemoryUsed.Megabytes:11727.671875|#Level:Host|#hostname:LAPTOP-SA0HOGOT,timestamp:1642664473
2022-01-20T08:41:13,635 [INFO ] pool-3-thread-2 TS_METRICS - MemoryUtilization.Percent:72.7|#Level:Host|#hostname:LAPTOP-SA0HOGOT,timestamp:1642664473
2022-01-20T08:41:13,826 [INFO ] pool-3-thread-2 TS_METRICS - CPUUtilization.Percent:0.0|#Level:Host|#hostname:LAPTOP-SA0HOGOT,timestamp:1642664473
2022-01-20T08:41:13,827 [INFO ] pool-3-thread-2 TS_METRICS - DiskAvailable.Gigabytes:51.405548095703125|#Level:Host|#hostname:LAPTOP-SA0HOGOT,timestamp:1642664473
2022-01-20T08:41:13,828 [INFO ] pool-3-thread-2 TS_METRICS - DiskUsage.Gigabytes:185.8219871520996|#Level:Host|#hostname:LAPTOP-SA0HOGOT,timestamp:1642664473
2022-01-20T08:41:13,828 [INFO ] pool-3-thread-2 TS_METRICS - DiskUtilization.Percent:78.3|#Level:Host|#hostname:LAPTOP-SA0HOGOT,timestamp:1642664473
2022-01-20T08:41:13,829 [INFO ] pool-3-thread-2 TS_METRICS - MemoryAvailable.Megabytes:4404.47265625|#Level:Host|#hostname:LAPTOP-SA0HOGOT,timestamp:1642664473
2022-01-20T08:41:13,830 [INFO ] pool-3-thread-2 TS_METRICS - MemoryUsed.Megabytes:11727.48828125|#Level:Host|#hostname:LAPTOP-SA0HOGOT,timestamp:1642664473
2022-01-20T08:41:13,830 [INFO ] pool-3-thread-2 TS_METRICS - MemoryUtilization.Percent:72.7|#Level:Host|#hostname:LAPTOP-SA0HOGOT,timestamp:1642664473
2022-01-20T08:41:14,013 [INFO ] pool-3-thread-2 TS_METRICS - CPUUtilization.Percent:0.0|#Level:Host|#hostname:LAPTOP-SA0HOGOT,timestamp:1642664474
2022-01-20T08:41:14,013 [INFO ] pool-3-thread-2 TS_METRICS - DiskAvailable.Gigabytes:51.405548095703125|#Level:Host|#hostname:LAPTOP-SA0HOGOT,timestamp:1642664474
2022-01-20T08:41:14,014 [INFO ] pool-3-thread-2 TS_METRICS - DiskUsage.Gigabytes:185.8219871520996|#Level:Host|#hostname:LAPTOP-SA0HOGOT,timestamp:1642664474
2022-01-20T08:41:14,014 [INFO ] pool-3-thread-2 TS_METRICS - DiskUtilization.Percent:78.3|#Level:Host|#hostname:LAPTOP-SA0HOGOT,timestamp:1642664474
2022-01-20T08:41:14,015 [INFO ] pool-3-thread-2 TS_METRICS - MemoryAvailable.Megabytes:4404.4296875|#Level:Host|#hostname:LAPTOP-SA0HOGOT,timestamp:1642664474
2022-01-20T08:41:14,016 [INFO ] pool-3-thread-2 TS_METRICS - MemoryUsed.Megabytes:11727.53125|#Level:Host|#hostname:LAPTOP-SA0HOGOT,timestamp:1642664474
2022-01-20T08:41:14,016 [INFO ] pool-3-thread-2 TS_METRICS - MemoryUtilization.Percent:72.7|#Level:Host|#hostname:LAPTOP-SA0HOGOT,timestamp:1642664474
2022-01-20T08:41:14,221 [INFO ] pool-3-thread-2 TS_METRICS - CPUUtilization.Percent:0.0|#Level:Host|#hostname:LAPTOP-SA0HOGOT,timestamp:1642664474
2022-01-20T08:41:14,222 [INFO ] pool-3-thread-2 TS_METRICS - DiskAvailable.Gigabytes:51.4053955078125|#Level:Host|#hostname:LAPTOP-SA0HOGOT,timestamp:1642664474
2022-01-20T08:41:14,223 [INFO ] pool-3-thread-2 TS_METRICS - DiskUsage.Gigabytes:185.82213973999023|#Level:Host|#hostname:LAPTOP-SA0HOGOT,timestamp:1642664474
2022-01-20T08:41:14,223 [INFO ] pool-3-thread-2 TS_METRICS - DiskUtilization.Percent:78.3|#Level:Host|#hostname:LAPTOP-SA0HOGOT,timestamp:1642664474
2022-01-20T08:41:14,224 [INFO ] pool-3-thread-2 TS_METRICS - MemoryAvailable.Megabytes:4402.90625|#Level:Host|#hostname:LAPTOP-SA0HOGOT,timestamp:1642664474
2022-01-20T08:41:14,224 [INFO ] pool-3-thread-2 TS_METRICS - MemoryUsed.Megabytes:11729.0546875|#Level:Host|#hostname:LAPTOP-SA0HOGOT,timestamp:1642664474
2022-01-20T08:41:14,225 [INFO ] pool-3-thread-2 TS_METRICS - MemoryUtilization.Percent:72.7|#Level:Host|#hostname:LAPTOP-SA0HOGOT,timestamp:1642664474
2022-01-20T08:41:14,424 [INFO ] pool-3-thread-2 TS_METRICS - CPUUtilization.Percent:0.0|#Level:Host|#hostname:LAPTOP-SA0HOGOT,timestamp:1642664474
2022-01-20T08:41:14,425 [INFO ] pool-3-thread-2 TS_METRICS - DiskAvailable.Gigabytes:51.4053955078125|#Level:Host|#hostname:LAPTOP-SA0HOGOT,timestamp:1642664474
2022-01-20T08:41:14,426 [INFO ] pool-3-thread-2 TS_METRICS - DiskUsage.Gigabytes:185.82213973999023|#Level:Host|#hostname:LAPTOP-SA0HOGOT,timestamp:1642664474
2022-01-20T08:41:14,426 [INFO ] pool-3-thread-2 TS_METRICS - DiskUtilization.Percent:78.3|#Level:Host|#hostname:LAPTOP-SA0HOGOT,timestamp:1642664474
2022-01-20T08:41:14,427 [INFO ] pool-3-thread-2 TS_METRICS - MemoryAvailable.Megabytes:4409.3359375|#Level:Host|#hostname:LAPTOP-SA0HOGOT,timestamp:1642664474
2022-01-20T08:41:14,428 [INFO ] pool-3-thread-2 TS_METRICS - MemoryUsed.Megabytes:11722.625|#Level:Host|#hostname:LAPTOP-SA0HOGOT,timestamp:1642664474
2022-01-20T08:41:14,428 [INFO ] pool-3-thread-2 TS_METRICS - MemoryUtilization.Percent:72.7|#Level:Host|#hostname:LAPTOP-SA0HOGOT,timestamp:1642664474
2022-01-20T08:41:14,624 [INFO ] pool-3-thread-2 TS_METRICS - CPUUtilization.Percent:0.0|#Level:Host|#hostname:LAPTOP-SA0HOGOT,timestamp:1642664474
2022-01-20T08:41:14,624 [INFO ] pool-3-thread-2 TS_METRICS - DiskAvailable.Gigabytes:51.4053955078125|#Level:Host|#hostname:LAPTOP-SA0HOGOT,timestamp:1642664474
2022-01-20T08:41:14,625 [INFO ] pool-3-thread-2 TS_METRICS - DiskUsage.Gigabytes:185.82213973999023|#Level:Host|#hostname:LAPTOP-SA0HOGOT,timestamp:1642664474
2022-01-20T08:41:14,626 [INFO ] pool-3-thread-2 TS_METRICS - DiskUtilization.Percent:78.3|#Level:Host|#hostname:LAPTOP-SA0HOGOT,timestamp:1642664474
2022-01-20T08:41:14,626 [INFO ] pool-3-thread-2 TS_METRICS - MemoryAvailable.Megabytes:4394.046875|#Level:Host|#hostname:LAPTOP-SA0HOGOT,timestamp:1642664474
2022-01-20T08:41:14,627 [INFO ] pool-3-thread-2 TS_METRICS - MemoryUsed.Megabytes:11737.9765625|#Level:Host|#hostname:LAPTOP-SA0HOGOT,timestamp:1642664474
2022-01-20T08:41:14,627 [INFO ] pool-3-thread-2 TS_METRICS - MemoryUtilization.Percent:72.8|#Level:Host|#hostname:LAPTOP-SA0HOGOT,timestamp:1642664474
2022-01-20T08:41:14,827 [INFO ] pool-3-thread-2 TS_METRICS - CPUUtilization.Percent:0.0|#Level:Host|#hostname:LAPTOP-SA0HOGOT,timestamp:1642664474
2022-01-20T08:41:14,827 [INFO ] pool-3-thread-2 TS_METRICS - DiskAvailable.Gigabytes:51.4052734375|#Level:Host|#hostname:LAPTOP-SA0HOGOT,timestamp:1642664474
2022-01-20T08:41:14,828 [INFO ] pool-3-thread-2 TS_METRICS - DiskUsage.Gigabytes:185.82226181030273|#Level:Host|#hostname:LAPTOP-SA0HOGOT,timestamp:1642664474
2022-01-20T08:41:14,829 [INFO ] pool-3-thread-2 TS_METRICS - DiskUtilization.Percent:78.3|#Level:Host|#hostname:LAPTOP-SA0HOGOT,timestamp:1642664474
2022-01-20T08:41:14,829 [INFO ] pool-3-thread-2 TS_METRICS - MemoryAvailable.Megabytes:4396.3515625|#Level:Host|#hostname:LAPTOP-SA0HOGOT,timestamp:1642664474
2022-01-20T08:41:14,830 [INFO ] pool-3-thread-2 TS_METRICS - MemoryUsed.Megabytes:11735.609375|#Level:Host|#hostname:LAPTOP-SA0HOGOT,timestamp:1642664474
2022-01-20T08:41:14,831 [INFO ] pool-3-thread-2 TS_METRICS - MemoryUtilization.Percent:72.7|#Level:Host|#hostname:LAPTOP-SA0HOGOT,timestamp:1642664474
2022-01-20T08:41:15,025 [INFO ] pool-3-thread-2 TS_METRICS - CPUUtilization.Percent:0.0|#Level:Host|#hostname:LAPTOP-SA0HOGOT,timestamp:1642664475
2022-01-20T08:41:15,025 [INFO ] pool-3-thread-2 TS_METRICS - DiskAvailable.Gigabytes:51.4052734375|#Level:Host|#hostname:LAPTOP-SA0HOGOT,timestamp:1642664475
2022-01-20T08:41:15,026 [INFO ] pool-3-thread-2 TS_METRICS - DiskUsage.Gigabytes:185.82226181030273|#Level:Host|#hostname:LAPTOP-SA0HOGOT,timestamp:1642664475
2022-01-20T08:41:15,027 [INFO ] pool-3-thread-2 TS_METRICS - DiskUtilization.Percent:78.3|#Level:Host|#hostname:LAPTOP-SA0HOGOT,timestamp:1642664475
2022-01-20T08:41:15,027 [INFO ] pool-3-thread-2 TS_METRICS - MemoryAvailable.Megabytes:4399.48828125|#Level:Host|#hostname:LAPTOP-SA0HOGOT,timestamp:1642664475
2022-01-20T08:41:15,032 [INFO ] pool-3-thread-2 TS_METRICS - MemoryUsed.Megabytes:11732.47265625|#Level:Host|#hostname:LAPTOP-SA0HOGOT,timestamp:1642664475
2022-01-20T08:41:15,032 [INFO ] pool-3-thread-2 TS_METRICS - MemoryUtilization.Percent:72.7|#Level:Host|#hostname:LAPTOP-SA0HOGOT,timestamp:1642664475
2022-01-20T08:41:15,218 [INFO ] pool-3-thread-2 TS_METRICS - CPUUtilization.Percent:0.0|#Level:Host|#hostname:LAPTOP-SA0HOGOT,timestamp:1642664475
2022-01-20T08:41:15,220 [INFO ] pool-3-thread-2 TS_METRICS - DiskAvailable.Gigabytes:51.4052734375|#Level:Host|#hostname:LAPTOP-SA0HOGOT,timestamp:1642664475
2022-01-20T08:41:15,220 [INFO ] pool-3-thread-2 TS_METRICS - DiskUsage.Gigabytes:185.82226181030273|#Level:Host|#hostname:LAPTOP-SA0HOGOT,timestamp:1642664475
2022-01-20T08:41:15,221 [INFO ] pool-3-thread-2 TS_METRICS - DiskUtilization.Percent:78.3|#Level:Host|#hostname:LAPTOP-SA0HOGOT,timestamp:1642664475
2022-01-20T08:41:15,221 [INFO ] pool-3-thread-2 TS_METRICS - MemoryAvailable.Megabytes:4399.3359375|#Level:Host|#hostname:LAPTOP-SA0HOGOT,timestamp:1642664475
2022-01-20T08:41:15,222 [INFO ] pool-3-thread-2 TS_METRICS - MemoryUsed.Megabytes:11732.625|#Level:Host|#hostname:LAPTOP-SA0HOGOT,timestamp:1642664475
2022-01-20T08:41:15,223 [INFO ] pool-3-thread-2 TS_METRICS - MemoryUtilization.Percent:72.7|#Level:Host|#hostname:LAPTOP-SA0HOGOT,timestamp:1642664475
2022-01-20T08:41:15,405 [INFO ] pool-3-thread-2 TS_METRICS - CPUUtilization.Percent:0.0|#Level:Host|#hostname:LAPTOP-SA0HOGOT,timestamp:1642664475
2022-01-20T08:41:15,405 [INFO ] pool-3-thread-2 TS_METRICS - DiskAvailable.Gigabytes:51.4052734375|#Level:Host|#hostname:LAPTOP-SA0HOGOT,timestamp:1642664475
2022-01-20T08:41:15,406 [INFO ] pool-3-thread-2 TS_METRICS - DiskUsage.Gigabytes:185.82226181030273|#Level:Host|#hostname:LAPTOP-SA0HOGOT,timestamp:1642664475
2022-01-20T08:41:15,406 [INFO ] pool-3-thread-2 TS_METRICS - DiskUtilization.Percent:78.3|#Level:Host|#hostname:LAPTOP-SA0HOGOT,timestamp:1642664475
2022-01-20T08:41:15,407 [INFO ] pool-3-thread-2 TS_METRICS - MemoryAvailable.Megabytes:4407.90625|#Level:Host|#hostname:LAPTOP-SA0HOGOT,timestamp:1642664475
2022-01-20T08:41:15,408 [INFO ] pool-3-thread-2 TS_METRICS - MemoryUsed.Megabytes:11724.0546875|#Level:Host|#hostname:LAPTOP-SA0HOGOT,timestamp:1642664475
2022-01-20T08:41:15,408 [INFO ] pool-3-thread-2 TS_METRICS - MemoryUtilization.Percent:72.7|#Level:Host|#hostname:LAPTOP-SA0HOGOT,timestamp:1642664475
2022-01-20T08:41:15,618 [INFO ] pool-3-thread-2 TS_METRICS - CPUUtilization.Percent:0.0|#Level:Host|#hostname:LAPTOP-SA0HOGOT,timestamp:1642664475
2022-01-20T08:41:15,619 [INFO ] pool-3-thread-2 TS_METRICS - DiskAvailable.Gigabytes:51.4052734375|#Level:Host|#hostname:LAPTOP-SA0HOGOT,timestamp:1642664475
2022-01-20T08:41:15,619 [INFO ] pool-3-thread-2 TS_METRICS - DiskUsage.Gigabytes:185.82226181030273|#Level:Host|#hostname:LAPTOP-SA0HOGOT,timestamp:1642664475
2022-01-20T08:41:15,620 [INFO ] pool-3-thread-2 TS_METRICS - DiskUtilization.Percent:78.3|#Level:Host|#hostname:LAPTOP-SA0HOGOT,timestamp:1642664475
2022-01-20T08:41:15,621 [INFO ] pool-3-thread-2 TS_METRICS - MemoryAvailable.Megabytes:4411.37890625|#Level:Host|#hostname:LAPTOP-SA0HOGOT,timestamp:1642664475
2022-01-20T08:41:15,621 [INFO ] pool-3-thread-2 TS_METRICS - MemoryUsed.Megabytes:11720.58203125|#Level:Host|#hostname:LAPTOP-SA0HOGOT,timestamp:1642664475
2022-01-20T08:41:15,622 [INFO ] pool-3-thread-2 TS_METRICS - MemoryUtilization.Percent:72.7|#Level:Host|#hostname:LAPTOP-SA0HOGOT,timestamp:1642664475
2022-01-20T08:41:15,808 [INFO ] pool-3-thread-1 TS_METRICS - CPUUtilization.Percent:0.0|#Level:Host|#hostname:LAPTOP-SA0HOGOT,timestamp:1642664475
2022-01-20T08:41:15,808 [INFO ] pool-3-thread-1 TS_METRICS - DiskAvailable.Gigabytes:51.4052734375|#Level:Host|#hostname:LAPTOP-SA0HOGOT,timestamp:1642664475
2022-01-20T08:41:15,809 [INFO ] pool-3-thread-1 TS_METRICS - DiskUsage.Gigabytes:185.82226181030273|#Level:Host|#hostname:LAPTOP-SA0HOGOT,timestamp:1642664475
2022-01-20T08:41:15,809 [INFO ] pool-3-thread-1 TS_METRICS - DiskUtilization.Percent:78.3|#Level:Host|#hostname:LAPTOP-SA0HOGOT,timestamp:1642664475
2022-01-20T08:41:15,810 [INFO ] pool-3-thread-1 TS_METRICS - MemoryAvailable.Megabytes:4410.0234375|#Level:Host|#hostname:LAPTOP-SA0HOGOT,timestamp:1642664475
2022-01-20T08:41:15,810 [INFO ] pool-3-thread-1 TS_METRICS - MemoryUsed.Megabytes:11721.9375|#Level:Host|#hostname:LAPTOP-SA0HOGOT,timestamp:1642664475
2022-01-20T08:41:15,811 [INFO ] pool-3-thread-1 TS_METRICS - MemoryUtilization.Percent:72.7|#Level:Host|#hostname:LAPTOP-SA0HOGOT,timestamp:1642664475
2022-01-20T08:41:15,996 [INFO ] pool-3-thread-1 TS_METRICS - CPUUtilization.Percent:0.0|#Level:Host|#hostname:LAPTOP-SA0HOGOT,timestamp:1642664475
2022-01-20T08:41:15,996 [INFO ] pool-3-thread-1 TS_METRICS - DiskAvailable.Gigabytes:51.405269622802734|#Level:Host|#hostname:LAPTOP-SA0HOGOT,timestamp:1642664475
2022-01-20T08:41:15,997 [INFO ] pool-3-thread-1 TS_METRICS - DiskUsage.Gigabytes:185.822265625|#Level:Host|#hostname:LAPTOP-SA0HOGOT,timestamp:1642664475
2022-01-20T08:41:15,998 [INFO ] pool-3-thread-1 TS_METRICS - DiskUtilization.Percent:78.3|#Level:Host|#hostname:LAPTOP-SA0HOGOT,timestamp:1642664475
2022-01-20T08:41:15,998 [INFO ] pool-3-thread-1 TS_METRICS - MemoryAvailable.Megabytes:4416.5703125|#Level:Host|#hostname:LAPTOP-SA0HOGOT,timestamp:1642664475
2022-01-20T08:41:15,999 [INFO ] pool-3-thread-1 TS_METRICS - MemoryUsed.Megabytes:11715.390625|#Level:Host|#hostname:LAPTOP-SA0HOGOT,timestamp:1642664475
2022-01-20T08:41:15,999 [INFO ] pool-3-thread-1 TS_METRICS - MemoryUtilization.Percent:72.6|#Level:Host|#hostname:LAPTOP-SA0HOGOT,timestamp:1642664475
2022-01-20T09:13:05,979 [INFO ] main org.pytorch.serve.servingsdk.impl.PluginsManager - Initializing plugins manager...
2022-01-20T09:13:05,979 [INFO ] main org.pytorch.serve.servingsdk.impl.PluginsManager - Initializing plugins manager...
2022-01-20T09:13:06,430 [INFO ] main org.pytorch.serve.ModelServer - 
Torchserve version: 0.5.2
TS Home: C:\Users\Durita Kvilt\AppData\Local\Programs\Python\Python39\Lib\site-packages
Current directory: C:\Users\Durita Kvilt\OneDrive\Menneske orienteret kunstig intelligens\Machine learning operations\mlops_fuzzy-fish-waffle
Temp directory: C:\Users\DURITA~1\AppData\Local\Temp
Number of GPUs: 0
Number of CPUs: 8
Max heap size: 4034 M
Python executable: c:\users\durita kvilt\appdata\local\programs\python\python39\python.exe
Config file: N/A
Inference address: http://127.0.0.1:8080
Management address: http://127.0.0.1:8081
Metrics address: http://127.0.0.1:8082
Model Store: C:\Users\Durita Kvilt\OneDrive\Menneske orienteret kunstig intelligens\Machine learning operations\mlops_fuzzy-fish-waffle\model_store
Initial Models: my_fancy_model=my_fancy_model.mar
Log dir: C:\Users\Durita Kvilt\OneDrive\Menneske orienteret kunstig intelligens\Machine learning operations\mlops_fuzzy-fish-waffle\logs
Metrics dir: C:\Users\Durita Kvilt\OneDrive\Menneske orienteret kunstig intelligens\Machine learning operations\mlops_fuzzy-fish-waffle\logs
Netty threads: 0
Netty client threads: 0
Default workers per model: 8
Blacklist Regex: N/A
Maximum Response Size: 6553500
Maximum Request Size: 6553500
Limit Maximum Image Pixels: true
Prefer direct buffer: false
Allowed Urls: [file://.*|http(s)?://.*]
Custom python dependency for model allowed: false
Metrics report format: prometheus
Enable metrics API: true
Workflow Store: C:\Users\Durita Kvilt\OneDrive\Menneske orienteret kunstig intelligens\Machine learning operations\mlops_fuzzy-fish-waffle\model_store
Model config: N/A
2022-01-20T09:13:06,430 [INFO ] main org.pytorch.serve.ModelServer - 
Torchserve version: 0.5.2
TS Home: C:\Users\Durita Kvilt\AppData\Local\Programs\Python\Python39\Lib\site-packages
Current directory: C:\Users\Durita Kvilt\OneDrive\Menneske orienteret kunstig intelligens\Machine learning operations\mlops_fuzzy-fish-waffle
Temp directory: C:\Users\DURITA~1\AppData\Local\Temp
Number of GPUs: 0
Number of CPUs: 8
Max heap size: 4034 M
Python executable: c:\users\durita kvilt\appdata\local\programs\python\python39\python.exe
Config file: N/A
Inference address: http://127.0.0.1:8080
Management address: http://127.0.0.1:8081
Metrics address: http://127.0.0.1:8082
Model Store: C:\Users\Durita Kvilt\OneDrive\Menneske orienteret kunstig intelligens\Machine learning operations\mlops_fuzzy-fish-waffle\model_store
Initial Models: my_fancy_model=my_fancy_model.mar
Log dir: C:\Users\Durita Kvilt\OneDrive\Menneske orienteret kunstig intelligens\Machine learning operations\mlops_fuzzy-fish-waffle\logs
Metrics dir: C:\Users\Durita Kvilt\OneDrive\Menneske orienteret kunstig intelligens\Machine learning operations\mlops_fuzzy-fish-waffle\logs
Netty threads: 0
Netty client threads: 0
Default workers per model: 8
Blacklist Regex: N/A
Maximum Response Size: 6553500
Maximum Request Size: 6553500
Limit Maximum Image Pixels: true
Prefer direct buffer: false
Allowed Urls: [file://.*|http(s)?://.*]
Custom python dependency for model allowed: false
Metrics report format: prometheus
Enable metrics API: true
Workflow Store: C:\Users\Durita Kvilt\OneDrive\Menneske orienteret kunstig intelligens\Machine learning operations\mlops_fuzzy-fish-waffle\model_store
Model config: N/A
2022-01-20T09:13:06,456 [INFO ] main org.pytorch.serve.servingsdk.impl.PluginsManager -  Loading snapshot serializer plugin...
2022-01-20T09:13:06,456 [INFO ] main org.pytorch.serve.servingsdk.impl.PluginsManager -  Loading snapshot serializer plugin...
2022-01-20T09:13:06,493 [INFO ] main org.pytorch.serve.ModelServer - Loading initial models: my_fancy_model.mar
2022-01-20T09:13:06,493 [INFO ] main org.pytorch.serve.ModelServer - Loading initial models: my_fancy_model.mar
2022-01-20T09:13:06,844 [DEBUG] main org.pytorch.serve.wlm.ModelVersionedRefs - Adding new version 1.0 for model my_fancy_model
2022-01-20T09:13:06,844 [DEBUG] main org.pytorch.serve.wlm.ModelVersionedRefs - Adding new version 1.0 for model my_fancy_model
2022-01-20T09:13:06,844 [DEBUG] main org.pytorch.serve.wlm.ModelVersionedRefs - Setting default version to 1.0 for model my_fancy_model
2022-01-20T09:13:06,844 [DEBUG] main org.pytorch.serve.wlm.ModelVersionedRefs - Setting default version to 1.0 for model my_fancy_model
2022-01-20T09:13:06,845 [INFO ] main org.pytorch.serve.wlm.ModelManager - Model my_fancy_model loaded.
2022-01-20T09:13:06,845 [INFO ] main org.pytorch.serve.wlm.ModelManager - Model my_fancy_model loaded.
2022-01-20T09:13:06,846 [DEBUG] main org.pytorch.serve.wlm.ModelManager - updateModel: my_fancy_model, count: 8
2022-01-20T09:13:06,846 [DEBUG] main org.pytorch.serve.wlm.ModelManager - updateModel: my_fancy_model, count: 8
2022-01-20T09:13:06,874 [DEBUG] W-9003-my_fancy_model_1.0 org.pytorch.serve.wlm.WorkerLifeCycle - Worker cmdline: [c:\users\durita kvilt\appdata\local\programs\python\python39\python.exe, C:\Users\Durita Kvilt\AppData\Local\Programs\Python\Python39\Lib\site-packages\ts\model_service_worker.py, --sock-type, tcp, --port, 9003]
2022-01-20T09:13:06,874 [DEBUG] W-9001-my_fancy_model_1.0 org.pytorch.serve.wlm.WorkerLifeCycle - Worker cmdline: [c:\users\durita kvilt\appdata\local\programs\python\python39\python.exe, C:\Users\Durita Kvilt\AppData\Local\Programs\Python\Python39\Lib\site-packages\ts\model_service_worker.py, --sock-type, tcp, --port, 9001]
2022-01-20T09:13:06,874 [DEBUG] W-9006-my_fancy_model_1.0 org.pytorch.serve.wlm.WorkerLifeCycle - Worker cmdline: [c:\users\durita kvilt\appdata\local\programs\python\python39\python.exe, C:\Users\Durita Kvilt\AppData\Local\Programs\Python\Python39\Lib\site-packages\ts\model_service_worker.py, --sock-type, tcp, --port, 9006]
2022-01-20T09:13:06,874 [DEBUG] W-9002-my_fancy_model_1.0 org.pytorch.serve.wlm.WorkerLifeCycle - Worker cmdline: [c:\users\durita kvilt\appdata\local\programs\python\python39\python.exe, C:\Users\Durita Kvilt\AppData\Local\Programs\Python\Python39\Lib\site-packages\ts\model_service_worker.py, --sock-type, tcp, --port, 9002]
2022-01-20T09:13:06,874 [DEBUG] W-9007-my_fancy_model_1.0 org.pytorch.serve.wlm.WorkerLifeCycle - Worker cmdline: [c:\users\durita kvilt\appdata\local\programs\python\python39\python.exe, C:\Users\Durita Kvilt\AppData\Local\Programs\Python\Python39\Lib\site-packages\ts\model_service_worker.py, --sock-type, tcp, --port, 9007]
2022-01-20T09:13:06,874 [DEBUG] W-9004-my_fancy_model_1.0 org.pytorch.serve.wlm.WorkerLifeCycle - Worker cmdline: [c:\users\durita kvilt\appdata\local\programs\python\python39\python.exe, C:\Users\Durita Kvilt\AppData\Local\Programs\Python\Python39\Lib\site-packages\ts\model_service_worker.py, --sock-type, tcp, --port, 9004]
2022-01-20T09:13:06,874 [DEBUG] W-9005-my_fancy_model_1.0 org.pytorch.serve.wlm.WorkerLifeCycle - Worker cmdline: [c:\users\durita kvilt\appdata\local\programs\python\python39\python.exe, C:\Users\Durita Kvilt\AppData\Local\Programs\Python\Python39\Lib\site-packages\ts\model_service_worker.py, --sock-type, tcp, --port, 9005]
2022-01-20T09:13:06,874 [DEBUG] W-9000-my_fancy_model_1.0 org.pytorch.serve.wlm.WorkerLifeCycle - Worker cmdline: [c:\users\durita kvilt\appdata\local\programs\python\python39\python.exe, C:\Users\Durita Kvilt\AppData\Local\Programs\Python\Python39\Lib\site-packages\ts\model_service_worker.py, --sock-type, tcp, --port, 9000]
2022-01-20T09:13:06,874 [DEBUG] W-9003-my_fancy_model_1.0 org.pytorch.serve.wlm.WorkerLifeCycle - Worker cmdline: [c:\users\durita kvilt\appdata\local\programs\python\python39\python.exe, C:\Users\Durita Kvilt\AppData\Local\Programs\Python\Python39\Lib\site-packages\ts\model_service_worker.py, --sock-type, tcp, --port, 9003]
2022-01-20T09:13:06,874 [DEBUG] W-9005-my_fancy_model_1.0 org.pytorch.serve.wlm.WorkerLifeCycle - Worker cmdline: [c:\users\durita kvilt\appdata\local\programs\python\python39\python.exe, C:\Users\Durita Kvilt\AppData\Local\Programs\Python\Python39\Lib\site-packages\ts\model_service_worker.py, --sock-type, tcp, --port, 9005]
2022-01-20T09:13:06,877 [INFO ] main org.pytorch.serve.ModelServer - Initialize Inference server with: NioServerSocketChannel.
2022-01-20T09:13:06,874 [DEBUG] W-9001-my_fancy_model_1.0 org.pytorch.serve.wlm.WorkerLifeCycle - Worker cmdline: [c:\users\durita kvilt\appdata\local\programs\python\python39\python.exe, C:\Users\Durita Kvilt\AppData\Local\Programs\Python\Python39\Lib\site-packages\ts\model_service_worker.py, --sock-type, tcp, --port, 9001]
2022-01-20T09:13:06,877 [INFO ] main org.pytorch.serve.ModelServer - Initialize Inference server with: NioServerSocketChannel.
2022-01-20T09:13:06,874 [DEBUG] W-9000-my_fancy_model_1.0 org.pytorch.serve.wlm.WorkerLifeCycle - Worker cmdline: [c:\users\durita kvilt\appdata\local\programs\python\python39\python.exe, C:\Users\Durita Kvilt\AppData\Local\Programs\Python\Python39\Lib\site-packages\ts\model_service_worker.py, --sock-type, tcp, --port, 9000]
2022-01-20T09:13:06,874 [DEBUG] W-9004-my_fancy_model_1.0 org.pytorch.serve.wlm.WorkerLifeCycle - Worker cmdline: [c:\users\durita kvilt\appdata\local\programs\python\python39\python.exe, C:\Users\Durita Kvilt\AppData\Local\Programs\Python\Python39\Lib\site-packages\ts\model_service_worker.py, --sock-type, tcp, --port, 9004]
2022-01-20T09:13:06,874 [DEBUG] W-9007-my_fancy_model_1.0 org.pytorch.serve.wlm.WorkerLifeCycle - Worker cmdline: [c:\users\durita kvilt\appdata\local\programs\python\python39\python.exe, C:\Users\Durita Kvilt\AppData\Local\Programs\Python\Python39\Lib\site-packages\ts\model_service_worker.py, --sock-type, tcp, --port, 9007]
2022-01-20T09:13:06,874 [DEBUG] W-9006-my_fancy_model_1.0 org.pytorch.serve.wlm.WorkerLifeCycle - Worker cmdline: [c:\users\durita kvilt\appdata\local\programs\python\python39\python.exe, C:\Users\Durita Kvilt\AppData\Local\Programs\Python\Python39\Lib\site-packages\ts\model_service_worker.py, --sock-type, tcp, --port, 9006]
2022-01-20T09:13:06,874 [DEBUG] W-9002-my_fancy_model_1.0 org.pytorch.serve.wlm.WorkerLifeCycle - Worker cmdline: [c:\users\durita kvilt\appdata\local\programs\python\python39\python.exe, C:\Users\Durita Kvilt\AppData\Local\Programs\Python\Python39\Lib\site-packages\ts\model_service_worker.py, --sock-type, tcp, --port, 9002]
2022-01-20T09:13:08,053 [INFO ] main org.pytorch.serve.ModelServer - Inference API bind to: http://127.0.0.1:8080
2022-01-20T09:13:08,053 [INFO ] main org.pytorch.serve.ModelServer - Inference API bind to: http://127.0.0.1:8080
2022-01-20T09:13:08,054 [INFO ] main org.pytorch.serve.ModelServer - Initialize Management server with: NioServerSocketChannel.
2022-01-20T09:13:08,054 [INFO ] main org.pytorch.serve.ModelServer - Initialize Management server with: NioServerSocketChannel.
2022-01-20T09:13:08,058 [INFO ] main org.pytorch.serve.ModelServer - Management API bind to: http://127.0.0.1:8081
2022-01-20T09:13:08,058 [INFO ] main org.pytorch.serve.ModelServer - Management API bind to: http://127.0.0.1:8081
2022-01-20T09:13:08,059 [INFO ] main org.pytorch.serve.ModelServer - Initialize Metrics server with: NioServerSocketChannel.
2022-01-20T09:13:08,059 [INFO ] main org.pytorch.serve.ModelServer - Initialize Metrics server with: NioServerSocketChannel.
2022-01-20T09:13:08,064 [INFO ] main org.pytorch.serve.ModelServer - Metrics API bind to: http://127.0.0.1:8082
2022-01-20T09:13:08,064 [INFO ] main org.pytorch.serve.ModelServer - Metrics API bind to: http://127.0.0.1:8082
2022-01-20T09:13:09,177 [WARN ] pool-3-thread-1 org.pytorch.serve.metrics.MetricCollector - worker pid is not available yet.
2022-01-20T09:13:09,177 [WARN ] pool-3-thread-1 org.pytorch.serve.metrics.MetricCollector - worker pid is not available yet.
2022-01-20T09:13:09,457 [INFO ] pool-3-thread-1 TS_METRICS - CPUUtilization.Percent:0.0|#Level:Host|#hostname:LAPTOP-SA0HOGOT,timestamp:1642666389
2022-01-20T09:13:09,459 [INFO ] pool-3-thread-1 TS_METRICS - DiskAvailable.Gigabytes:51.95067596435547|#Level:Host|#hostname:LAPTOP-SA0HOGOT,timestamp:1642666389
2022-01-20T09:13:09,459 [INFO ] pool-3-thread-1 TS_METRICS - DiskUsage.Gigabytes:185.27685928344727|#Level:Host|#hostname:LAPTOP-SA0HOGOT,timestamp:1642666389
2022-01-20T09:13:09,461 [INFO ] pool-3-thread-1 TS_METRICS - DiskUtilization.Percent:78.1|#Level:Host|#hostname:LAPTOP-SA0HOGOT,timestamp:1642666389
2022-01-20T09:13:09,461 [INFO ] pool-3-thread-1 TS_METRICS - MemoryAvailable.Megabytes:4929.11328125|#Level:Host|#hostname:LAPTOP-SA0HOGOT,timestamp:1642666389
2022-01-20T09:13:09,463 [INFO ] pool-3-thread-1 TS_METRICS - MemoryUsed.Megabytes:11202.84765625|#Level:Host|#hostname:LAPTOP-SA0HOGOT,timestamp:1642666389
2022-01-20T09:13:09,463 [INFO ] pool-3-thread-1 TS_METRICS - MemoryUtilization.Percent:69.4|#Level:Host|#hostname:LAPTOP-SA0HOGOT,timestamp:1642666389
2022-01-20T09:13:14,201 [INFO ] W-9006-my_fancy_model_1.0-stdout MODEL_LOG - Listening on port: None
2022-01-20T09:13:14,201 [INFO ] W-9002-my_fancy_model_1.0-stdout MODEL_LOG - Listening on port: None
2022-01-20T09:13:14,201 [INFO ] W-9003-my_fancy_model_1.0-stdout MODEL_LOG - Listening on port: None
2022-01-20T09:13:14,213 [INFO ] W-9006-my_fancy_model_1.0-stdout MODEL_LOG - [PID]14124
2022-01-20T09:13:14,201 [INFO ] W-9007-my_fancy_model_1.0-stdout MODEL_LOG - Listening on port: None
2022-01-20T09:13:14,214 [INFO ] W-9002-my_fancy_model_1.0-stdout MODEL_LOG - [PID]25056
2022-01-20T09:13:14,215 [DEBUG] W-9006-my_fancy_model_1.0 org.pytorch.serve.wlm.WorkerThread - W-9006-my_fancy_model_1.0 State change null -> WORKER_STARTED
2022-01-20T09:13:14,215 [DEBUG] W-9002-my_fancy_model_1.0 org.pytorch.serve.wlm.WorkerThread - W-9002-my_fancy_model_1.0 State change null -> WORKER_STARTED
2022-01-20T09:13:14,201 [INFO ] W-9001-my_fancy_model_1.0-stdout MODEL_LOG - Listening on port: None
2022-01-20T09:13:14,215 [INFO ] W-9002-my_fancy_model_1.0-stdout MODEL_LOG - Torch worker started.
2022-01-20T09:13:14,201 [INFO ] W-9005-my_fancy_model_1.0-stdout MODEL_LOG - Listening on port: None
2022-01-20T09:13:14,215 [INFO ] W-9002-my_fancy_model_1.0-stdout MODEL_LOG - Python runtime: 3.9.1
2022-01-20T09:13:14,216 [INFO ] W-9005-my_fancy_model_1.0-stdout MODEL_LOG - [PID]4048
2022-01-20T09:13:14,201 [INFO ] W-9004-my_fancy_model_1.0-stdout MODEL_LOG - Listening on port: None
2022-01-20T09:13:14,215 [INFO ] W-9001-my_fancy_model_1.0-stdout MODEL_LOG - [PID]5860
2022-01-20T09:13:14,201 [INFO ] W-9000-my_fancy_model_1.0-stdout MODEL_LOG - Listening on port: None
2022-01-20T09:13:14,217 [INFO ] W-9001-my_fancy_model_1.0-stdout MODEL_LOG - Torch worker started.
2022-01-20T09:13:14,218 [DEBUG] W-9005-my_fancy_model_1.0 org.pytorch.serve.wlm.WorkerThread - W-9005-my_fancy_model_1.0 State change null -> WORKER_STARTED
2022-01-20T09:13:14,218 [DEBUG] W-9001-my_fancy_model_1.0 org.pytorch.serve.wlm.WorkerThread - W-9001-my_fancy_model_1.0 State change null -> WORKER_STARTED
2022-01-20T09:13:14,218 [DEBUG] W-9005-my_fancy_model_1.0 org.pytorch.serve.wlm.WorkerThread - W-9005-my_fancy_model_1.0 State change null -> WORKER_STARTED
2022-01-20T09:13:14,215 [DEBUG] W-9002-my_fancy_model_1.0 org.pytorch.serve.wlm.WorkerThread - W-9002-my_fancy_model_1.0 State change null -> WORKER_STARTED
2022-01-20T09:13:14,215 [DEBUG] W-9006-my_fancy_model_1.0 org.pytorch.serve.wlm.WorkerThread - W-9006-my_fancy_model_1.0 State change null -> WORKER_STARTED
2022-01-20T09:13:14,214 [INFO ] W-9003-my_fancy_model_1.0-stdout MODEL_LOG - [PID]14740
2022-01-20T09:13:14,215 [INFO ] W-9007-my_fancy_model_1.0-stdout MODEL_LOG - [PID]5040
2022-01-20T09:13:14,214 [INFO ] W-9006-my_fancy_model_1.0-stdout MODEL_LOG - Torch worker started.
2022-01-20T09:13:14,221 [INFO ] W-9003-my_fancy_model_1.0-stdout MODEL_LOG - Torch worker started.
2022-01-20T09:13:14,222 [DEBUG] W-9003-my_fancy_model_1.0 org.pytorch.serve.wlm.WorkerThread - W-9003-my_fancy_model_1.0 State change null -> WORKER_STARTED
2022-01-20T09:13:14,222 [INFO ] W-9003-my_fancy_model_1.0-stdout MODEL_LOG - Python runtime: 3.9.1
2022-01-20T09:13:14,223 [DEBUG] W-9007-my_fancy_model_1.0 org.pytorch.serve.wlm.WorkerThread - W-9007-my_fancy_model_1.0 State change null -> WORKER_STARTED
2022-01-20T09:13:14,222 [DEBUG] W-9003-my_fancy_model_1.0 org.pytorch.serve.wlm.WorkerThread - W-9003-my_fancy_model_1.0 State change null -> WORKER_STARTED
2022-01-20T09:13:14,218 [INFO ] W-9001-my_fancy_model_1.0-stdout MODEL_LOG - Python runtime: 3.9.1
2022-01-20T09:13:14,217 [INFO ] W-9004-my_fancy_model_1.0-stdout MODEL_LOG - [PID]17276
2022-01-20T09:13:14,216 [INFO ] W-9005-my_fancy_model_1.0-stdout MODEL_LOG - Torch worker started.
2022-01-20T09:13:14,225 [INFO ] W-9004-my_fancy_model_1.0-stdout MODEL_LOG - Torch worker started.
2022-01-20T09:13:14,225 [INFO ] W-9005-my_fancy_model_1.0-stdout MODEL_LOG - Python runtime: 3.9.1
2022-01-20T09:13:14,226 [DEBUG] W-9004-my_fancy_model_1.0 org.pytorch.serve.wlm.WorkerThread - W-9004-my_fancy_model_1.0 State change null -> WORKER_STARTED
2022-01-20T09:13:14,225 [INFO ] W-9004-my_fancy_model_1.0-stdout MODEL_LOG - Python runtime: 3.9.1
2022-01-20T09:13:14,226 [DEBUG] W-9004-my_fancy_model_1.0 org.pytorch.serve.wlm.WorkerThread - W-9004-my_fancy_model_1.0 State change null -> WORKER_STARTED
2022-01-20T09:13:14,217 [INFO ] W-9000-my_fancy_model_1.0-stdout MODEL_LOG - [PID]26632
2022-01-20T09:13:14,218 [DEBUG] W-9001-my_fancy_model_1.0 org.pytorch.serve.wlm.WorkerThread - W-9001-my_fancy_model_1.0 State change null -> WORKER_STARTED
2022-01-20T09:13:14,232 [DEBUG] W-9000-my_fancy_model_1.0 org.pytorch.serve.wlm.WorkerThread - W-9000-my_fancy_model_1.0 State change null -> WORKER_STARTED
2022-01-20T09:13:14,231 [INFO ] W-9000-my_fancy_model_1.0-stdout MODEL_LOG - Torch worker started.
2022-01-20T09:13:14,232 [DEBUG] W-9000-my_fancy_model_1.0 org.pytorch.serve.wlm.WorkerThread - W-9000-my_fancy_model_1.0 State change null -> WORKER_STARTED
2022-01-20T09:13:14,221 [INFO ] W-9007-my_fancy_model_1.0-stdout MODEL_LOG - Torch worker started.
2022-01-20T09:13:14,221 [INFO ] W-9006-my_fancy_model_1.0-stdout MODEL_LOG - Python runtime: 3.9.1
2022-01-20T09:13:14,236 [INFO ] W-9007-my_fancy_model_1.0-stdout MODEL_LOG - Python runtime: 3.9.1
2022-01-20T09:13:14,223 [DEBUG] W-9007-my_fancy_model_1.0 org.pytorch.serve.wlm.WorkerThread - W-9007-my_fancy_model_1.0 State change null -> WORKER_STARTED
2022-01-20T09:13:14,232 [INFO ] W-9000-my_fancy_model_1.0-stdout MODEL_LOG - Python runtime: 3.9.1
2022-01-20T09:13:14,240 [INFO ] W-9000-my_fancy_model_1.0 org.pytorch.serve.wlm.WorkerThread - Connecting to: /127.0.0.1:9000
2022-01-20T09:13:14,240 [INFO ] W-9005-my_fancy_model_1.0 org.pytorch.serve.wlm.WorkerThread - Connecting to: /127.0.0.1:9005
2022-01-20T09:13:14,240 [INFO ] W-9001-my_fancy_model_1.0 org.pytorch.serve.wlm.WorkerThread - Connecting to: /127.0.0.1:9001
2022-01-20T09:13:14,241 [INFO ] W-9003-my_fancy_model_1.0 org.pytorch.serve.wlm.WorkerThread - Connecting to: /127.0.0.1:9003
2022-01-20T09:13:14,240 [INFO ] W-9002-my_fancy_model_1.0 org.pytorch.serve.wlm.WorkerThread - Connecting to: /127.0.0.1:9002
2022-01-20T09:13:14,240 [INFO ] W-9006-my_fancy_model_1.0 org.pytorch.serve.wlm.WorkerThread - Connecting to: /127.0.0.1:9006
2022-01-20T09:13:14,242 [INFO ] W-9004-my_fancy_model_1.0 org.pytorch.serve.wlm.WorkerThread - Connecting to: /127.0.0.1:9004
2022-01-20T09:13:14,240 [INFO ] W-9002-my_fancy_model_1.0 org.pytorch.serve.wlm.WorkerThread - Connecting to: /127.0.0.1:9002
2022-01-20T09:13:14,240 [INFO ] W-9000-my_fancy_model_1.0 org.pytorch.serve.wlm.WorkerThread - Connecting to: /127.0.0.1:9000
2022-01-20T09:13:14,243 [INFO ] W-9007-my_fancy_model_1.0 org.pytorch.serve.wlm.WorkerThread - Connecting to: /127.0.0.1:9007
2022-01-20T09:13:14,241 [INFO ] W-9003-my_fancy_model_1.0 org.pytorch.serve.wlm.WorkerThread - Connecting to: /127.0.0.1:9003
2022-01-20T09:13:14,240 [INFO ] W-9001-my_fancy_model_1.0 org.pytorch.serve.wlm.WorkerThread - Connecting to: /127.0.0.1:9001
2022-01-20T09:13:14,240 [INFO ] W-9005-my_fancy_model_1.0 org.pytorch.serve.wlm.WorkerThread - Connecting to: /127.0.0.1:9005
2022-01-20T09:13:14,243 [INFO ] W-9007-my_fancy_model_1.0 org.pytorch.serve.wlm.WorkerThread - Connecting to: /127.0.0.1:9007
2022-01-20T09:13:14,242 [INFO ] W-9004-my_fancy_model_1.0 org.pytorch.serve.wlm.WorkerThread - Connecting to: /127.0.0.1:9004
2022-01-20T09:13:14,240 [INFO ] W-9006-my_fancy_model_1.0 org.pytorch.serve.wlm.WorkerThread - Connecting to: /127.0.0.1:9006
2022-01-20T09:13:14,293 [INFO ] W-9000-my_fancy_model_1.0-stdout MODEL_LOG - Connection accepted: ('127.0.0.1', 9000).
2022-01-20T09:13:14,293 [INFO ] W-9007-my_fancy_model_1.0-stdout MODEL_LOG - Connection accepted: ('127.0.0.1', 9007).
2022-01-20T09:13:14,294 [INFO ] W-9005-my_fancy_model_1.0-stdout MODEL_LOG - Connection accepted: ('127.0.0.1', 9005).
2022-01-20T09:13:14,294 [INFO ] W-9004-my_fancy_model_1.0-stdout MODEL_LOG - Connection accepted: ('127.0.0.1', 9004).
2022-01-20T09:13:14,294 [INFO ] W-9003-my_fancy_model_1.0-stdout MODEL_LOG - Connection accepted: ('127.0.0.1', 9003).
2022-01-20T09:13:14,294 [INFO ] W-9001-my_fancy_model_1.0-stdout MODEL_LOG - Connection accepted: ('127.0.0.1', 9001).
2022-01-20T09:13:14,294 [INFO ] W-9002-my_fancy_model_1.0-stdout MODEL_LOG - Connection accepted: ('127.0.0.1', 9002).
2022-01-20T09:13:14,294 [INFO ] W-9006-my_fancy_model_1.0-stdout MODEL_LOG - Connection accepted: ('127.0.0.1', 9006).
2022-01-20T09:13:14,300 [INFO ] W-9005-my_fancy_model_1.0 org.pytorch.serve.wlm.WorkerThread - Flushing req. to backend at: 1642666394300
2022-01-20T09:13:14,300 [INFO ] W-9002-my_fancy_model_1.0 org.pytorch.serve.wlm.WorkerThread - Flushing req. to backend at: 1642666394300
2022-01-20T09:13:14,300 [INFO ] W-9000-my_fancy_model_1.0 org.pytorch.serve.wlm.WorkerThread - Flushing req. to backend at: 1642666394300
2022-01-20T09:13:14,300 [INFO ] W-9004-my_fancy_model_1.0 org.pytorch.serve.wlm.WorkerThread - Flushing req. to backend at: 1642666394300
2022-01-20T09:13:14,300 [INFO ] W-9007-my_fancy_model_1.0 org.pytorch.serve.wlm.WorkerThread - Flushing req. to backend at: 1642666394300
2022-01-20T09:13:14,300 [INFO ] W-9003-my_fancy_model_1.0 org.pytorch.serve.wlm.WorkerThread - Flushing req. to backend at: 1642666394300
2022-01-20T09:13:14,300 [INFO ] W-9006-my_fancy_model_1.0 org.pytorch.serve.wlm.WorkerThread - Flushing req. to backend at: 1642666394300
2022-01-20T09:13:14,300 [INFO ] W-9001-my_fancy_model_1.0 org.pytorch.serve.wlm.WorkerThread - Flushing req. to backend at: 1642666394300
2022-01-20T09:13:14,300 [INFO ] W-9005-my_fancy_model_1.0 org.pytorch.serve.wlm.WorkerThread - Flushing req. to backend at: 1642666394300
2022-01-20T09:13:14,300 [INFO ] W-9001-my_fancy_model_1.0 org.pytorch.serve.wlm.WorkerThread - Flushing req. to backend at: 1642666394300
2022-01-20T09:13:14,300 [INFO ] W-9006-my_fancy_model_1.0 org.pytorch.serve.wlm.WorkerThread - Flushing req. to backend at: 1642666394300
2022-01-20T09:13:14,300 [INFO ] W-9003-my_fancy_model_1.0 org.pytorch.serve.wlm.WorkerThread - Flushing req. to backend at: 1642666394300
2022-01-20T09:13:14,300 [INFO ] W-9002-my_fancy_model_1.0 org.pytorch.serve.wlm.WorkerThread - Flushing req. to backend at: 1642666394300
2022-01-20T09:13:14,300 [INFO ] W-9007-my_fancy_model_1.0 org.pytorch.serve.wlm.WorkerThread - Flushing req. to backend at: 1642666394300
2022-01-20T09:13:14,300 [INFO ] W-9004-my_fancy_model_1.0 org.pytorch.serve.wlm.WorkerThread - Flushing req. to backend at: 1642666394300
2022-01-20T09:13:14,300 [INFO ] W-9000-my_fancy_model_1.0 org.pytorch.serve.wlm.WorkerThread - Flushing req. to backend at: 1642666394300
2022-01-20T09:13:14,375 [INFO ] W-9006-my_fancy_model_1.0-stdout MODEL_LOG - model_name: my_fancy_model, batchSize: 1
2022-01-20T09:13:14,376 [INFO ] W-9004-my_fancy_model_1.0-stdout MODEL_LOG - model_name: my_fancy_model, batchSize: 1
2022-01-20T09:13:14,375 [INFO ] W-9002-my_fancy_model_1.0-stdout MODEL_LOG - model_name: my_fancy_model, batchSize: 1
2022-01-20T09:13:14,375 [INFO ] W-9007-my_fancy_model_1.0-stdout MODEL_LOG - model_name: my_fancy_model, batchSize: 1
2022-01-20T09:13:14,375 [INFO ] W-9001-my_fancy_model_1.0-stdout MODEL_LOG - model_name: my_fancy_model, batchSize: 1
2022-01-20T09:13:14,376 [INFO ] W-9000-my_fancy_model_1.0-stdout MODEL_LOG - model_name: my_fancy_model, batchSize: 1
2022-01-20T09:13:14,375 [INFO ] W-9003-my_fancy_model_1.0-stdout MODEL_LOG - model_name: my_fancy_model, batchSize: 1
2022-01-20T09:13:14,378 [INFO ] W-9005-my_fancy_model_1.0-stdout MODEL_LOG - model_name: my_fancy_model, batchSize: 1
2022-01-20T09:13:19,279 [INFO ] W-9001-my_fancy_model_1.0 org.pytorch.serve.wlm.WorkerThread - Backend response time: 4902
2022-01-20T09:13:19,279 [INFO ] W-9007-my_fancy_model_1.0 org.pytorch.serve.wlm.WorkerThread - Backend response time: 4904
2022-01-20T09:13:19,279 [INFO ] W-9004-my_fancy_model_1.0 org.pytorch.serve.wlm.WorkerThread - Backend response time: 4904
2022-01-20T09:13:19,279 [INFO ] W-9000-my_fancy_model_1.0 org.pytorch.serve.wlm.WorkerThread - Backend response time: 4904
2022-01-20T09:13:19,279 [INFO ] W-9006-my_fancy_model_1.0 org.pytorch.serve.wlm.WorkerThread - Backend response time: 4903
2022-01-20T09:13:19,279 [INFO ] W-9005-my_fancy_model_1.0 org.pytorch.serve.wlm.WorkerThread - Backend response time: 4901
2022-01-20T09:13:19,279 [INFO ] W-9001-my_fancy_model_1.0 org.pytorch.serve.wlm.WorkerThread - Backend response time: 4902
2022-01-20T09:13:19,279 [INFO ] W-9003-my_fancy_model_1.0 org.pytorch.serve.wlm.WorkerThread - Backend response time: 4905
2022-01-20T09:13:19,279 [INFO ] W-9005-my_fancy_model_1.0 org.pytorch.serve.wlm.WorkerThread - Backend response time: 4901
2022-01-20T09:13:19,281 [DEBUG] W-9005-my_fancy_model_1.0 org.pytorch.serve.wlm.WorkerThread - W-9005-my_fancy_model_1.0 State change WORKER_STARTED -> WORKER_MODEL_LOADED
2022-01-20T09:13:19,279 [INFO ] W-9006-my_fancy_model_1.0 org.pytorch.serve.wlm.WorkerThread - Backend response time: 4903
2022-01-20T09:13:19,281 [DEBUG] W-9001-my_fancy_model_1.0 org.pytorch.serve.wlm.WorkerThread - W-9001-my_fancy_model_1.0 State change WORKER_STARTED -> WORKER_MODEL_LOADED
2022-01-20T09:13:19,282 [DEBUG] W-9006-my_fancy_model_1.0 org.pytorch.serve.wlm.WorkerThread - W-9006-my_fancy_model_1.0 State change WORKER_STARTED -> WORKER_MODEL_LOADED
2022-01-20T09:13:19,279 [INFO ] W-9000-my_fancy_model_1.0 org.pytorch.serve.wlm.WorkerThread - Backend response time: 4904
2022-01-20T09:13:19,279 [INFO ] W-9004-my_fancy_model_1.0 org.pytorch.serve.wlm.WorkerThread - Backend response time: 4904
2022-01-20T09:13:19,283 [DEBUG] W-9000-my_fancy_model_1.0 org.pytorch.serve.wlm.WorkerThread - W-9000-my_fancy_model_1.0 State change WORKER_STARTED -> WORKER_MODEL_LOADED
2022-01-20T09:13:19,283 [DEBUG] W-9004-my_fancy_model_1.0 org.pytorch.serve.wlm.WorkerThread - W-9004-my_fancy_model_1.0 State change WORKER_STARTED -> WORKER_MODEL_LOADED
2022-01-20T09:13:19,279 [INFO ] W-9007-my_fancy_model_1.0 org.pytorch.serve.wlm.WorkerThread - Backend response time: 4904
2022-01-20T09:13:19,281 [DEBUG] W-9001-my_fancy_model_1.0 org.pytorch.serve.wlm.WorkerThread - W-9001-my_fancy_model_1.0 State change WORKER_STARTED -> WORKER_MODEL_LOADED
2022-01-20T09:13:19,284 [DEBUG] W-9007-my_fancy_model_1.0 org.pytorch.serve.wlm.WorkerThread - W-9007-my_fancy_model_1.0 State change WORKER_STARTED -> WORKER_MODEL_LOADED
2022-01-20T09:13:19,282 [DEBUG] W-9006-my_fancy_model_1.0 org.pytorch.serve.wlm.WorkerThread - W-9006-my_fancy_model_1.0 State change WORKER_STARTED -> WORKER_MODEL_LOADED
2022-01-20T09:13:19,281 [DEBUG] W-9005-my_fancy_model_1.0 org.pytorch.serve.wlm.WorkerThread - W-9005-my_fancy_model_1.0 State change WORKER_STARTED -> WORKER_MODEL_LOADED
2022-01-20T09:13:19,279 [INFO ] W-9003-my_fancy_model_1.0 org.pytorch.serve.wlm.WorkerThread - Backend response time: 4905
2022-01-20T09:13:19,286 [DEBUG] W-9003-my_fancy_model_1.0 org.pytorch.serve.wlm.WorkerThread - W-9003-my_fancy_model_1.0 State change WORKER_STARTED -> WORKER_MODEL_LOADED
2022-01-20T09:13:19,284 [INFO ] W-9001-my_fancy_model_1.0 TS_METRICS - W-9001-my_fancy_model_1.0.ms:12419|#Level:Host|#hostname:LAPTOP-SA0HOGOT,timestamp:1642666399
2022-01-20T09:13:19,284 [DEBUG] W-9007-my_fancy_model_1.0 org.pytorch.serve.wlm.WorkerThread - W-9007-my_fancy_model_1.0 State change WORKER_STARTED -> WORKER_MODEL_LOADED
2022-01-20T09:13:19,283 [DEBUG] W-9004-my_fancy_model_1.0 org.pytorch.serve.wlm.WorkerThread - W-9004-my_fancy_model_1.0 State change WORKER_STARTED -> WORKER_MODEL_LOADED
2022-01-20T09:13:19,283 [DEBUG] W-9000-my_fancy_model_1.0 org.pytorch.serve.wlm.WorkerThread - W-9000-my_fancy_model_1.0 State change WORKER_STARTED -> WORKER_MODEL_LOADED
2022-01-20T09:13:19,287 [INFO ] W-9007-my_fancy_model_1.0 TS_METRICS - W-9007-my_fancy_model_1.0.ms:12420|#Level:Host|#hostname:LAPTOP-SA0HOGOT,timestamp:1642666399
2022-01-20T09:13:19,287 [INFO ] W-9001-my_fancy_model_1.0 TS_METRICS - WorkerThreadTime.ms:85|#Level:Host|#hostname:LAPTOP-SA0HOGOT,timestamp:null
2022-01-20T09:13:19,286 [DEBUG] W-9003-my_fancy_model_1.0 org.pytorch.serve.wlm.WorkerThread - W-9003-my_fancy_model_1.0 State change WORKER_STARTED -> WORKER_MODEL_LOADED
2022-01-20T09:13:19,285 [INFO ] W-9005-my_fancy_model_1.0 TS_METRICS - W-9005-my_fancy_model_1.0.ms:12419|#Level:Host|#hostname:LAPTOP-SA0HOGOT,timestamp:1642666399
2022-01-20T09:13:19,285 [INFO ] W-9006-my_fancy_model_1.0 TS_METRICS - W-9006-my_fancy_model_1.0.ms:12418|#Level:Host|#hostname:LAPTOP-SA0HOGOT,timestamp:1642666399
2022-01-20T09:13:19,290 [INFO ] W-9007-my_fancy_model_1.0 TS_METRICS - WorkerThreadTime.ms:86|#Level:Host|#hostname:LAPTOP-SA0HOGOT,timestamp:null
2022-01-20T09:13:19,292 [INFO ] W-9006-my_fancy_model_1.0 TS_METRICS - WorkerThreadTime.ms:89|#Level:Host|#hostname:LAPTOP-SA0HOGOT,timestamp:null
2022-01-20T09:13:19,289 [INFO ] W-9000-my_fancy_model_1.0 TS_METRICS - W-9000-my_fancy_model_1.0.ms:12428|#Level:Host|#hostname:LAPTOP-SA0HOGOT,timestamp:1642666399
2022-01-20T09:13:19,288 [INFO ] W-9004-my_fancy_model_1.0 TS_METRICS - W-9004-my_fancy_model_1.0.ms:12423|#Level:Host|#hostname:LAPTOP-SA0HOGOT,timestamp:1642666399
2022-01-20T09:13:19,291 [INFO ] W-9003-my_fancy_model_1.0 TS_METRICS - W-9003-my_fancy_model_1.0.ms:12426|#Level:Host|#hostname:LAPTOP-SA0HOGOT,timestamp:1642666399
2022-01-20T09:13:19,291 [INFO ] W-9005-my_fancy_model_1.0 TS_METRICS - WorkerThreadTime.ms:90|#Level:Host|#hostname:LAPTOP-SA0HOGOT,timestamp:null
2022-01-20T09:13:19,293 [INFO ] W-9000-my_fancy_model_1.0 TS_METRICS - WorkerThreadTime.ms:89|#Level:Host|#hostname:LAPTOP-SA0HOGOT,timestamp:null
2022-01-20T09:13:19,294 [INFO ] W-9004-my_fancy_model_1.0 TS_METRICS - WorkerThreadTime.ms:90|#Level:Host|#hostname:LAPTOP-SA0HOGOT,timestamp:null
2022-01-20T09:13:19,294 [INFO ] W-9003-my_fancy_model_1.0 TS_METRICS - WorkerThreadTime.ms:89|#Level:Host|#hostname:LAPTOP-SA0HOGOT,timestamp:null
2022-01-20T09:13:19,311 [INFO ] W-9002-my_fancy_model_1.0 org.pytorch.serve.wlm.WorkerThread - Backend response time: 4934
2022-01-20T09:13:19,311 [INFO ] W-9002-my_fancy_model_1.0 org.pytorch.serve.wlm.WorkerThread - Backend response time: 4934
2022-01-20T09:13:19,313 [DEBUG] W-9002-my_fancy_model_1.0 org.pytorch.serve.wlm.WorkerThread - W-9002-my_fancy_model_1.0 State change WORKER_STARTED -> WORKER_MODEL_LOADED
2022-01-20T09:13:19,313 [DEBUG] W-9002-my_fancy_model_1.0 org.pytorch.serve.wlm.WorkerThread - W-9002-my_fancy_model_1.0 State change WORKER_STARTED -> WORKER_MODEL_LOADED
2022-01-20T09:13:19,314 [INFO ] W-9002-my_fancy_model_1.0 TS_METRICS - W-9002-my_fancy_model_1.0.ms:12449|#Level:Host|#hostname:LAPTOP-SA0HOGOT,timestamp:1642666399
2022-01-20T09:13:19,315 [INFO ] W-9002-my_fancy_model_1.0 TS_METRICS - WorkerThreadTime.ms:81|#Level:Host|#hostname:LAPTOP-SA0HOGOT,timestamp:null
2022-01-20T09:14:09,327 [INFO ] pool-3-thread-1 TS_METRICS - CPUUtilization.Percent:0.0|#Level:Host|#hostname:LAPTOP-SA0HOGOT,timestamp:1642666449
2022-01-20T09:14:09,329 [INFO ] pool-3-thread-1 TS_METRICS - DiskAvailable.Gigabytes:51.95185470581055|#Level:Host|#hostname:LAPTOP-SA0HOGOT,timestamp:1642666449
2022-01-20T09:14:09,330 [INFO ] pool-3-thread-1 TS_METRICS - DiskUsage.Gigabytes:185.2756805419922|#Level:Host|#hostname:LAPTOP-SA0HOGOT,timestamp:1642666449
2022-01-20T09:14:09,331 [INFO ] pool-3-thread-1 TS_METRICS - DiskUtilization.Percent:78.1|#Level:Host|#hostname:LAPTOP-SA0HOGOT,timestamp:1642666449
2022-01-20T09:14:09,332 [INFO ] pool-3-thread-1 TS_METRICS - MemoryAvailable.Megabytes:3858.6796875|#Level:Host|#hostname:LAPTOP-SA0HOGOT,timestamp:1642666449
2022-01-20T09:14:09,333 [INFO ] pool-3-thread-1 TS_METRICS - MemoryUsed.Megabytes:12273.28125|#Level:Host|#hostname:LAPTOP-SA0HOGOT,timestamp:1642666449
2022-01-20T09:14:09,334 [INFO ] pool-3-thread-1 TS_METRICS - MemoryUtilization.Percent:76.1|#Level:Host|#hostname:LAPTOP-SA0HOGOT,timestamp:1642666449
2022-01-20T09:15:09,291 [INFO ] pool-3-thread-1 TS_METRICS - CPUUtilization.Percent:0.0|#Level:Host|#hostname:LAPTOP-SA0HOGOT,timestamp:1642666509
2022-01-20T09:15:09,292 [INFO ] pool-3-thread-1 TS_METRICS - DiskAvailable.Gigabytes:51.94904708862305|#Level:Host|#hostname:LAPTOP-SA0HOGOT,timestamp:1642666509
2022-01-20T09:15:09,292 [INFO ] pool-3-thread-1 TS_METRICS - DiskUsage.Gigabytes:185.2784881591797|#Level:Host|#hostname:LAPTOP-SA0HOGOT,timestamp:1642666509
2022-01-20T09:15:09,293 [INFO ] pool-3-thread-1 TS_METRICS - DiskUtilization.Percent:78.1|#Level:Host|#hostname:LAPTOP-SA0HOGOT,timestamp:1642666509
2022-01-20T09:15:09,294 [INFO ] pool-3-thread-1 TS_METRICS - MemoryAvailable.Megabytes:3859.44140625|#Level:Host|#hostname:LAPTOP-SA0HOGOT,timestamp:1642666509
2022-01-20T09:15:09,295 [INFO ] pool-3-thread-1 TS_METRICS - MemoryUsed.Megabytes:12272.51953125|#Level:Host|#hostname:LAPTOP-SA0HOGOT,timestamp:1642666509
2022-01-20T09:15:09,295 [INFO ] pool-3-thread-1 TS_METRICS - MemoryUtilization.Percent:76.1|#Level:Host|#hostname:LAPTOP-SA0HOGOT,timestamp:1642666509
2022-01-20T09:16:09,354 [INFO ] pool-3-thread-1 TS_METRICS - CPUUtilization.Percent:0.0|#Level:Host|#hostname:LAPTOP-SA0HOGOT,timestamp:1642666569
2022-01-20T09:16:09,355 [INFO ] pool-3-thread-1 TS_METRICS - DiskAvailable.Gigabytes:51.94451904296875|#Level:Host|#hostname:LAPTOP-SA0HOGOT,timestamp:1642666569
2022-01-20T09:16:09,356 [INFO ] pool-3-thread-1 TS_METRICS - DiskUsage.Gigabytes:185.28301620483398|#Level:Host|#hostname:LAPTOP-SA0HOGOT,timestamp:1642666569
2022-01-20T09:16:09,356 [INFO ] pool-3-thread-1 TS_METRICS - DiskUtilization.Percent:78.1|#Level:Host|#hostname:LAPTOP-SA0HOGOT,timestamp:1642666569
2022-01-20T09:16:09,357 [INFO ] pool-3-thread-1 TS_METRICS - MemoryAvailable.Megabytes:3853.33984375|#Level:Host|#hostname:LAPTOP-SA0HOGOT,timestamp:1642666569
2022-01-20T09:16:09,358 [INFO ] pool-3-thread-1 TS_METRICS - MemoryUsed.Megabytes:12278.62109375|#Level:Host|#hostname:LAPTOP-SA0HOGOT,timestamp:1642666569
2022-01-20T09:16:09,359 [INFO ] pool-3-thread-1 TS_METRICS - MemoryUtilization.Percent:76.1|#Level:Host|#hostname:LAPTOP-SA0HOGOT,timestamp:1642666569
2022-01-20T09:17:09,256 [INFO ] pool-3-thread-1 TS_METRICS - CPUUtilization.Percent:0.0|#Level:Host|#hostname:LAPTOP-SA0HOGOT,timestamp:1642666629
2022-01-20T09:17:09,256 [INFO ] pool-3-thread-1 TS_METRICS - DiskAvailable.Gigabytes:51.945621490478516|#Level:Host|#hostname:LAPTOP-SA0HOGOT,timestamp:1642666629
2022-01-20T09:17:09,257 [INFO ] pool-3-thread-1 TS_METRICS - DiskUsage.Gigabytes:185.28191375732422|#Level:Host|#hostname:LAPTOP-SA0HOGOT,timestamp:1642666629
2022-01-20T09:17:09,258 [INFO ] pool-3-thread-1 TS_METRICS - DiskUtilization.Percent:78.1|#Level:Host|#hostname:LAPTOP-SA0HOGOT,timestamp:1642666629
2022-01-20T09:17:09,259 [INFO ] pool-3-thread-1 TS_METRICS - MemoryAvailable.Megabytes:3940.23828125|#Level:Host|#hostname:LAPTOP-SA0HOGOT,timestamp:1642666629
2022-01-20T09:17:09,259 [INFO ] pool-3-thread-1 TS_METRICS - MemoryUsed.Megabytes:12191.72265625|#Level:Host|#hostname:LAPTOP-SA0HOGOT,timestamp:1642666629
2022-01-20T09:17:09,260 [INFO ] pool-3-thread-1 TS_METRICS - MemoryUtilization.Percent:75.6|#Level:Host|#hostname:LAPTOP-SA0HOGOT,timestamp:1642666629
2022-01-20T09:18:09,336 [INFO ] pool-3-thread-1 TS_METRICS - CPUUtilization.Percent:0.0|#Level:Host|#hostname:LAPTOP-SA0HOGOT,timestamp:1642666689
2022-01-20T09:18:09,337 [INFO ] pool-3-thread-1 TS_METRICS - DiskAvailable.Gigabytes:51.94255065917969|#Level:Host|#hostname:LAPTOP-SA0HOGOT,timestamp:1642666689
2022-01-20T09:18:09,338 [INFO ] pool-3-thread-1 TS_METRICS - DiskUsage.Gigabytes:185.28498458862305|#Level:Host|#hostname:LAPTOP-SA0HOGOT,timestamp:1642666689
2022-01-20T09:18:09,339 [INFO ] pool-3-thread-1 TS_METRICS - DiskUtilization.Percent:78.1|#Level:Host|#hostname:LAPTOP-SA0HOGOT,timestamp:1642666689
2022-01-20T09:18:09,340 [INFO ] pool-3-thread-1 TS_METRICS - MemoryAvailable.Megabytes:3871.6015625|#Level:Host|#hostname:LAPTOP-SA0HOGOT,timestamp:1642666689
2022-01-20T09:18:09,341 [INFO ] pool-3-thread-1 TS_METRICS - MemoryUsed.Megabytes:12260.359375|#Level:Host|#hostname:LAPTOP-SA0HOGOT,timestamp:1642666689
2022-01-20T09:18:09,342 [INFO ] pool-3-thread-1 TS_METRICS - MemoryUtilization.Percent:76.0|#Level:Host|#hostname:LAPTOP-SA0HOGOT,timestamp:1642666689
2022-01-20T09:19:09,310 [INFO ] pool-3-thread-1 TS_METRICS - CPUUtilization.Percent:50.0|#Level:Host|#hostname:LAPTOP-SA0HOGOT,timestamp:1642666749
2022-01-20T09:19:09,311 [INFO ] pool-3-thread-1 TS_METRICS - DiskAvailable.Gigabytes:51.91748046875|#Level:Host|#hostname:LAPTOP-SA0HOGOT,timestamp:1642666749
2022-01-20T09:19:09,313 [INFO ] pool-3-thread-1 TS_METRICS - DiskUsage.Gigabytes:185.31005477905273|#Level:Host|#hostname:LAPTOP-SA0HOGOT,timestamp:1642666749
2022-01-20T09:19:09,313 [INFO ] pool-3-thread-1 TS_METRICS - DiskUtilization.Percent:78.1|#Level:Host|#hostname:LAPTOP-SA0HOGOT,timestamp:1642666749
2022-01-20T09:19:09,315 [INFO ] pool-3-thread-1 TS_METRICS - MemoryAvailable.Megabytes:3833.515625|#Level:Host|#hostname:LAPTOP-SA0HOGOT,timestamp:1642666749
2022-01-20T09:19:09,315 [INFO ] pool-3-thread-1 TS_METRICS - MemoryUsed.Megabytes:12298.4453125|#Level:Host|#hostname:LAPTOP-SA0HOGOT,timestamp:1642666749
2022-01-20T09:19:09,316 [INFO ] pool-3-thread-1 TS_METRICS - MemoryUtilization.Percent:76.2|#Level:Host|#hostname:LAPTOP-SA0HOGOT,timestamp:1642666749
2022-01-20T09:20:09,255 [INFO ] pool-3-thread-1 TS_METRICS - CPUUtilization.Percent:0.0|#Level:Host|#hostname:LAPTOP-SA0HOGOT,timestamp:1642666809
2022-01-20T09:20:09,256 [INFO ] pool-3-thread-1 TS_METRICS - DiskAvailable.Gigabytes:51.739402770996094|#Level:Host|#hostname:LAPTOP-SA0HOGOT,timestamp:1642666809
2022-01-20T09:20:09,256 [INFO ] pool-3-thread-1 TS_METRICS - DiskUsage.Gigabytes:185.48813247680664|#Level:Host|#hostname:LAPTOP-SA0HOGOT,timestamp:1642666809
2022-01-20T09:20:09,257 [INFO ] pool-3-thread-1 TS_METRICS - DiskUtilization.Percent:78.2|#Level:Host|#hostname:LAPTOP-SA0HOGOT,timestamp:1642666809
2022-01-20T09:20:09,258 [INFO ] pool-3-thread-1 TS_METRICS - MemoryAvailable.Megabytes:3897.6484375|#Level:Host|#hostname:LAPTOP-SA0HOGOT,timestamp:1642666809
2022-01-20T09:20:09,258 [INFO ] pool-3-thread-1 TS_METRICS - MemoryUsed.Megabytes:12234.3125|#Level:Host|#hostname:LAPTOP-SA0HOGOT,timestamp:1642666809
2022-01-20T09:20:09,259 [INFO ] pool-3-thread-1 TS_METRICS - MemoryUtilization.Percent:75.8|#Level:Host|#hostname:LAPTOP-SA0HOGOT,timestamp:1642666809
2022-01-20T09:21:09,237 [INFO ] pool-3-thread-1 TS_METRICS - CPUUtilization.Percent:0.0|#Level:Host|#hostname:LAPTOP-SA0HOGOT,timestamp:1642666869
2022-01-20T09:21:09,238 [INFO ] pool-3-thread-1 TS_METRICS - DiskAvailable.Gigabytes:51.33433532714844|#Level:Host|#hostname:LAPTOP-SA0HOGOT,timestamp:1642666869
2022-01-20T09:21:09,239 [INFO ] pool-3-thread-1 TS_METRICS - DiskUsage.Gigabytes:185.8931999206543|#Level:Host|#hostname:LAPTOP-SA0HOGOT,timestamp:1642666869
2022-01-20T09:21:09,240 [INFO ] pool-3-thread-1 TS_METRICS - DiskUtilization.Percent:78.4|#Level:Host|#hostname:LAPTOP-SA0HOGOT,timestamp:1642666869
2022-01-20T09:21:09,241 [INFO ] pool-3-thread-1 TS_METRICS - MemoryAvailable.Megabytes:3768.62890625|#Level:Host|#hostname:LAPTOP-SA0HOGOT,timestamp:1642666869
2022-01-20T09:21:09,241 [INFO ] pool-3-thread-1 TS_METRICS - MemoryUsed.Megabytes:12363.33203125|#Level:Host|#hostname:LAPTOP-SA0HOGOT,timestamp:1642666869
2022-01-20T09:21:09,242 [INFO ] pool-3-thread-1 TS_METRICS - MemoryUtilization.Percent:76.6|#Level:Host|#hostname:LAPTOP-SA0HOGOT,timestamp:1642666869
2022-01-20T09:22:09,240 [INFO ] pool-3-thread-1 TS_METRICS - CPUUtilization.Percent:0.0|#Level:Host|#hostname:LAPTOP-SA0HOGOT,timestamp:1642666929
2022-01-20T09:22:09,241 [INFO ] pool-3-thread-1 TS_METRICS - DiskAvailable.Gigabytes:51.32823181152344|#Level:Host|#hostname:LAPTOP-SA0HOGOT,timestamp:1642666929
2022-01-20T09:22:09,242 [INFO ] pool-3-thread-1 TS_METRICS - DiskUsage.Gigabytes:185.8993034362793|#Level:Host|#hostname:LAPTOP-SA0HOGOT,timestamp:1642666929
2022-01-20T09:22:09,242 [INFO ] pool-3-thread-1 TS_METRICS - DiskUtilization.Percent:78.4|#Level:Host|#hostname:LAPTOP-SA0HOGOT,timestamp:1642666929
2022-01-20T09:22:09,243 [INFO ] pool-3-thread-1 TS_METRICS - MemoryAvailable.Megabytes:3814.01171875|#Level:Host|#hostname:LAPTOP-SA0HOGOT,timestamp:1642666929
2022-01-20T09:22:09,244 [INFO ] pool-3-thread-1 TS_METRICS - MemoryUsed.Megabytes:12317.94921875|#Level:Host|#hostname:LAPTOP-SA0HOGOT,timestamp:1642666929
2022-01-20T09:22:09,245 [INFO ] pool-3-thread-1 TS_METRICS - MemoryUtilization.Percent:76.4|#Level:Host|#hostname:LAPTOP-SA0HOGOT,timestamp:1642666929
2022-01-20T09:23:09,238 [INFO ] pool-3-thread-1 TS_METRICS - CPUUtilization.Percent:0.0|#Level:Host|#hostname:LAPTOP-SA0HOGOT,timestamp:1642666989
2022-01-20T09:23:09,239 [INFO ] pool-3-thread-1 TS_METRICS - DiskAvailable.Gigabytes:51.32600402832031|#Level:Host|#hostname:LAPTOP-SA0HOGOT,timestamp:1642666989
2022-01-20T09:23:09,240 [INFO ] pool-3-thread-1 TS_METRICS - DiskUsage.Gigabytes:185.90153121948242|#Level:Host|#hostname:LAPTOP-SA0HOGOT,timestamp:1642666989
2022-01-20T09:23:09,240 [INFO ] pool-3-thread-1 TS_METRICS - DiskUtilization.Percent:78.4|#Level:Host|#hostname:LAPTOP-SA0HOGOT,timestamp:1642666989
2022-01-20T09:23:09,241 [INFO ] pool-3-thread-1 TS_METRICS - MemoryAvailable.Megabytes:3775.01953125|#Level:Host|#hostname:LAPTOP-SA0HOGOT,timestamp:1642666989
2022-01-20T09:23:09,242 [INFO ] pool-3-thread-1 TS_METRICS - MemoryUsed.Megabytes:12356.94140625|#Level:Host|#hostname:LAPTOP-SA0HOGOT,timestamp:1642666989
2022-01-20T09:23:09,243 [INFO ] pool-3-thread-1 TS_METRICS - MemoryUtilization.Percent:76.6|#Level:Host|#hostname:LAPTOP-SA0HOGOT,timestamp:1642666989
2022-01-20T09:24:09,626 [INFO ] pool-3-thread-1 TS_METRICS - CPUUtilization.Percent:100.0|#Level:Host|#hostname:LAPTOP-SA0HOGOT,timestamp:1642667049
2022-01-20T09:24:09,633 [INFO ] pool-3-thread-1 TS_METRICS - DiskAvailable.Gigabytes:51.3179931640625|#Level:Host|#hostname:LAPTOP-SA0HOGOT,timestamp:1642667049
2022-01-20T09:24:09,633 [INFO ] pool-3-thread-1 TS_METRICS - DiskUsage.Gigabytes:185.90954208374023|#Level:Host|#hostname:LAPTOP-SA0HOGOT,timestamp:1642667049
2022-01-20T09:24:09,634 [INFO ] pool-3-thread-1 TS_METRICS - DiskUtilization.Percent:78.4|#Level:Host|#hostname:LAPTOP-SA0HOGOT,timestamp:1642667049
2022-01-20T09:24:09,635 [INFO ] pool-3-thread-1 TS_METRICS - MemoryAvailable.Megabytes:3092.078125|#Level:Host|#hostname:LAPTOP-SA0HOGOT,timestamp:1642667049
2022-01-20T09:24:09,636 [INFO ] pool-3-thread-1 TS_METRICS - MemoryUsed.Megabytes:13039.8828125|#Level:Host|#hostname:LAPTOP-SA0HOGOT,timestamp:1642667049
2022-01-20T09:24:09,637 [INFO ] pool-3-thread-1 TS_METRICS - MemoryUtilization.Percent:80.8|#Level:Host|#hostname:LAPTOP-SA0HOGOT,timestamp:1642667049
2022-01-20T09:25:09,171 [INFO ] pool-3-thread-1 TS_METRICS - CPUUtilization.Percent:0.0|#Level:Host|#hostname:LAPTOP-SA0HOGOT,timestamp:1642667109
2022-01-20T09:25:09,172 [INFO ] pool-3-thread-1 TS_METRICS - DiskAvailable.Gigabytes:51.316410064697266|#Level:Host|#hostname:LAPTOP-SA0HOGOT,timestamp:1642667109
2022-01-20T09:25:09,173 [INFO ] pool-3-thread-1 TS_METRICS - DiskUsage.Gigabytes:185.91112518310547|#Level:Host|#hostname:LAPTOP-SA0HOGOT,timestamp:1642667109
2022-01-20T09:25:09,174 [INFO ] pool-3-thread-1 TS_METRICS - DiskUtilization.Percent:78.4|#Level:Host|#hostname:LAPTOP-SA0HOGOT,timestamp:1642667109
2022-01-20T09:25:09,175 [INFO ] pool-3-thread-1 TS_METRICS - MemoryAvailable.Megabytes:3971.4921875|#Level:Host|#hostname:LAPTOP-SA0HOGOT,timestamp:1642667109
2022-01-20T09:25:09,176 [INFO ] pool-3-thread-1 TS_METRICS - MemoryUsed.Megabytes:12160.46875|#Level:Host|#hostname:LAPTOP-SA0HOGOT,timestamp:1642667109
2022-01-20T09:25:09,176 [INFO ] pool-3-thread-1 TS_METRICS - MemoryUtilization.Percent:75.4|#Level:Host|#hostname:LAPTOP-SA0HOGOT,timestamp:1642667109
