2022-01-20T08:41:04,256 - CPUUtilization.Percent:0.0|#Level:Host|#hostname:LAPTOP-SA0HOGOT,timestamp:1642664464
2022-01-20T08:41:04,311 - DiskAvailable.Gigabytes:51.403076171875|#Level:Host|#hostname:LAPTOP-SA0HOGOT,timestamp:1642664464
2022-01-20T08:41:04,314 - DiskUsage.Gigabytes:185.82445907592773|#Level:Host|#hostname:LAPTOP-SA0HOGOT,timestamp:1642664464
2022-01-20T08:41:04,315 - DiskUtilization.Percent:78.3|#Level:Host|#hostname:LAPTOP-SA0HOGOT,timestamp:1642664464
2022-01-20T08:41:04,316 - MemoryAvailable.Megabytes:4354.3359375|#Level:Host|#hostname:LAPTOP-SA0HOGOT,timestamp:1642664464
2022-01-20T08:41:04,319 - MemoryUsed.Megabytes:11777.6328125|#Level:Host|#hostname:LAPTOP-SA0HOGOT,timestamp:1642664464
2022-01-20T08:41:04,320 - MemoryUtilization.Percent:73.0|#Level:Host|#hostname:LAPTOP-SA0HOGOT,timestamp:1642664464
2022-01-20T08:41:04,769 - CPUUtilization.Percent:77.8|#Level:Host|#hostname:LAPTOP-SA0HOGOT,timestamp:1642664464
2022-01-20T08:41:04,770 - DiskAvailable.Gigabytes:51.40802764892578|#Level:Host|#hostname:LAPTOP-SA0HOGOT,timestamp:1642664464
2022-01-20T08:41:04,771 - DiskUsage.Gigabytes:185.81950759887695|#Level:Host|#hostname:LAPTOP-SA0HOGOT,timestamp:1642664464
2022-01-20T08:41:04,772 - DiskUtilization.Percent:78.3|#Level:Host|#hostname:LAPTOP-SA0HOGOT,timestamp:1642664464
2022-01-20T08:41:04,773 - MemoryAvailable.Megabytes:4373.359375|#Level:Host|#hostname:LAPTOP-SA0HOGOT,timestamp:1642664464
2022-01-20T08:41:04,774 - MemoryUsed.Megabytes:11758.6015625|#Level:Host|#hostname:LAPTOP-SA0HOGOT,timestamp:1642664464
2022-01-20T08:41:04,775 - MemoryUtilization.Percent:72.9|#Level:Host|#hostname:LAPTOP-SA0HOGOT,timestamp:1642664464
2022-01-20T08:41:05,115 - CPUUtilization.Percent:75.0|#Level:Host|#hostname:LAPTOP-SA0HOGOT,timestamp:1642664465
2022-01-20T08:41:05,117 - DiskAvailable.Gigabytes:51.408233642578125|#Level:Host|#hostname:LAPTOP-SA0HOGOT,timestamp:1642664465
2022-01-20T08:41:05,118 - DiskUsage.Gigabytes:185.8193016052246|#Level:Host|#hostname:LAPTOP-SA0HOGOT,timestamp:1642664465
2022-01-20T08:41:05,119 - DiskUtilization.Percent:78.3|#Level:Host|#hostname:LAPTOP-SA0HOGOT,timestamp:1642664465
2022-01-20T08:41:05,120 - MemoryAvailable.Megabytes:4363.921875|#Level:Host|#hostname:LAPTOP-SA0HOGOT,timestamp:1642664465
2022-01-20T08:41:05,121 - MemoryUsed.Megabytes:11768.10546875|#Level:Host|#hostname:LAPTOP-SA0HOGOT,timestamp:1642664465
2022-01-20T08:41:05,122 - MemoryUtilization.Percent:72.9|#Level:Host|#hostname:LAPTOP-SA0HOGOT,timestamp:1642664465
2022-01-20T08:41:05,510 - CPUUtilization.Percent:0.0|#Level:Host|#hostname:LAPTOP-SA0HOGOT,timestamp:1642664465
2022-01-20T08:41:05,510 - DiskAvailable.Gigabytes:51.408172607421875|#Level:Host|#hostname:LAPTOP-SA0HOGOT,timestamp:1642664465
2022-01-20T08:41:05,511 - DiskUsage.Gigabytes:185.81936264038086|#Level:Host|#hostname:LAPTOP-SA0HOGOT,timestamp:1642664465
2022-01-20T08:41:05,512 - DiskUtilization.Percent:78.3|#Level:Host|#hostname:LAPTOP-SA0HOGOT,timestamp:1642664465
2022-01-20T08:41:05,516 - MemoryAvailable.Megabytes:4349.625|#Level:Host|#hostname:LAPTOP-SA0HOGOT,timestamp:1642664465
2022-01-20T08:41:05,517 - MemoryUsed.Megabytes:11782.3359375|#Level:Host|#hostname:LAPTOP-SA0HOGOT,timestamp:1642664465
2022-01-20T08:41:05,518 - MemoryUtilization.Percent:73.0|#Level:Host|#hostname:LAPTOP-SA0HOGOT,timestamp:1642664465
2022-01-20T08:41:05,867 - CPUUtilization.Percent:0.0|#Level:Host|#hostname:LAPTOP-SA0HOGOT,timestamp:1642664465
2022-01-20T08:41:05,868 - DiskAvailable.Gigabytes:51.40815734863281|#Level:Host|#hostname:LAPTOP-SA0HOGOT,timestamp:1642664465
2022-01-20T08:41:05,869 - DiskUsage.Gigabytes:185.81937789916992|#Level:Host|#hostname:LAPTOP-SA0HOGOT,timestamp:1642664465
2022-01-20T08:41:05,869 - DiskUtilization.Percent:78.3|#Level:Host|#hostname:LAPTOP-SA0HOGOT,timestamp:1642664465
2022-01-20T08:41:05,870 - MemoryAvailable.Megabytes:4354.97265625|#Level:Host|#hostname:LAPTOP-SA0HOGOT,timestamp:1642664465
2022-01-20T08:41:05,871 - MemoryUsed.Megabytes:11776.98828125|#Level:Host|#hostname:LAPTOP-SA0HOGOT,timestamp:1642664465
2022-01-20T08:41:05,872 - MemoryUtilization.Percent:73.0|#Level:Host|#hostname:LAPTOP-SA0HOGOT,timestamp:1642664465
2022-01-20T08:41:06,201 - CPUUtilization.Percent:0.0|#Level:Host|#hostname:LAPTOP-SA0HOGOT,timestamp:1642664466
2022-01-20T08:41:06,201 - DiskAvailable.Gigabytes:51.40803146362305|#Level:Host|#hostname:LAPTOP-SA0HOGOT,timestamp:1642664466
2022-01-20T08:41:06,202 - DiskUsage.Gigabytes:185.8195037841797|#Level:Host|#hostname:LAPTOP-SA0HOGOT,timestamp:1642664466
2022-01-20T08:41:06,203 - DiskUtilization.Percent:78.3|#Level:Host|#hostname:LAPTOP-SA0HOGOT,timestamp:1642664466
2022-01-20T08:41:06,204 - MemoryAvailable.Megabytes:4353.62109375|#Level:Host|#hostname:LAPTOP-SA0HOGOT,timestamp:1642664466
2022-01-20T08:41:06,205 - MemoryUsed.Megabytes:11778.33984375|#Level:Host|#hostname:LAPTOP-SA0HOGOT,timestamp:1642664466
2022-01-20T08:41:06,206 - MemoryUtilization.Percent:73.0|#Level:Host|#hostname:LAPTOP-SA0HOGOT,timestamp:1642664466
2022-01-20T08:41:06,579 - CPUUtilization.Percent:40.0|#Level:Host|#hostname:LAPTOP-SA0HOGOT,timestamp:1642664466
2022-01-20T08:41:06,580 - DiskAvailable.Gigabytes:51.40803146362305|#Level:Host|#hostname:LAPTOP-SA0HOGOT,timestamp:1642664466
2022-01-20T08:41:06,581 - DiskUsage.Gigabytes:185.8195037841797|#Level:Host|#hostname:LAPTOP-SA0HOGOT,timestamp:1642664466
2022-01-20T08:41:06,582 - DiskUtilization.Percent:78.3|#Level:Host|#hostname:LAPTOP-SA0HOGOT,timestamp:1642664466
2022-01-20T08:41:06,583 - MemoryAvailable.Megabytes:4358.171875|#Level:Host|#hostname:LAPTOP-SA0HOGOT,timestamp:1642664466
2022-01-20T08:41:06,584 - MemoryUsed.Megabytes:11773.7890625|#Level:Host|#hostname:LAPTOP-SA0HOGOT,timestamp:1642664466
2022-01-20T08:41:06,585 - MemoryUtilization.Percent:73.0|#Level:Host|#hostname:LAPTOP-SA0HOGOT,timestamp:1642664466
2022-01-20T08:41:06,940 - CPUUtilization.Percent:0.0|#Level:Host|#hostname:LAPTOP-SA0HOGOT,timestamp:1642664466
2022-01-20T08:41:06,941 - DiskAvailable.Gigabytes:51.40803146362305|#Level:Host|#hostname:LAPTOP-SA0HOGOT,timestamp:1642664466
2022-01-20T08:41:06,942 - DiskUsage.Gigabytes:185.8195037841797|#Level:Host|#hostname:LAPTOP-SA0HOGOT,timestamp:1642664466
2022-01-20T08:41:06,943 - DiskUtilization.Percent:78.3|#Level:Host|#hostname:LAPTOP-SA0HOGOT,timestamp:1642664466
2022-01-20T08:41:06,944 - MemoryAvailable.Megabytes:4351.5703125|#Level:Host|#hostname:LAPTOP-SA0HOGOT,timestamp:1642664466
2022-01-20T08:41:06,945 - MemoryUsed.Megabytes:11780.390625|#Level:Host|#hostname:LAPTOP-SA0HOGOT,timestamp:1642664466
2022-01-20T08:41:06,946 - MemoryUtilization.Percent:73.0|#Level:Host|#hostname:LAPTOP-SA0HOGOT,timestamp:1642664466
2022-01-20T08:41:07,334 - CPUUtilization.Percent:0.0|#Level:Host|#hostname:LAPTOP-SA0HOGOT,timestamp:1642664467
2022-01-20T08:41:07,335 - DiskAvailable.Gigabytes:51.40802764892578|#Level:Host|#hostname:LAPTOP-SA0HOGOT,timestamp:1642664467
2022-01-20T08:41:07,336 - DiskUsage.Gigabytes:185.81950759887695|#Level:Host|#hostname:LAPTOP-SA0HOGOT,timestamp:1642664467
2022-01-20T08:41:07,337 - DiskUtilization.Percent:78.3|#Level:Host|#hostname:LAPTOP-SA0HOGOT,timestamp:1642664467
2022-01-20T08:41:07,338 - MemoryAvailable.Megabytes:4351.31640625|#Level:Host|#hostname:LAPTOP-SA0HOGOT,timestamp:1642664467
2022-01-20T08:41:07,339 - MemoryUsed.Megabytes:11780.64453125|#Level:Host|#hostname:LAPTOP-SA0HOGOT,timestamp:1642664467
2022-01-20T08:41:07,339 - MemoryUtilization.Percent:73.0|#Level:Host|#hostname:LAPTOP-SA0HOGOT,timestamp:1642664467
2022-01-20T08:41:07,746 - CPUUtilization.Percent:0.0|#Level:Host|#hostname:LAPTOP-SA0HOGOT,timestamp:1642664467
2022-01-20T08:41:07,747 - DiskAvailable.Gigabytes:51.408084869384766|#Level:Host|#hostname:LAPTOP-SA0HOGOT,timestamp:1642664467
2022-01-20T08:41:07,748 - DiskUsage.Gigabytes:185.81945037841797|#Level:Host|#hostname:LAPTOP-SA0HOGOT,timestamp:1642664467
2022-01-20T08:41:07,749 - DiskUtilization.Percent:78.3|#Level:Host|#hostname:LAPTOP-SA0HOGOT,timestamp:1642664467
2022-01-20T08:41:07,750 - MemoryAvailable.Megabytes:4399.6328125|#Level:Host|#hostname:LAPTOP-SA0HOGOT,timestamp:1642664467
2022-01-20T08:41:07,751 - MemoryUsed.Megabytes:11732.328125|#Level:Host|#hostname:LAPTOP-SA0HOGOT,timestamp:1642664467
2022-01-20T08:41:07,751 - MemoryUtilization.Percent:72.7|#Level:Host|#hostname:LAPTOP-SA0HOGOT,timestamp:1642664467
2022-01-20T08:41:08,310 - CPUUtilization.Percent:0.0|#Level:Host|#hostname:LAPTOP-SA0HOGOT,timestamp:1642664468
2022-01-20T08:41:08,311 - DiskAvailable.Gigabytes:51.40788650512695|#Level:Host|#hostname:LAPTOP-SA0HOGOT,timestamp:1642664468
2022-01-20T08:41:08,312 - DiskUsage.Gigabytes:185.81964874267578|#Level:Host|#hostname:LAPTOP-SA0HOGOT,timestamp:1642664468
2022-01-20T08:41:08,313 - DiskUtilization.Percent:78.3|#Level:Host|#hostname:LAPTOP-SA0HOGOT,timestamp:1642664468
2022-01-20T08:41:08,314 - MemoryAvailable.Megabytes:4415.59375|#Level:Host|#hostname:LAPTOP-SA0HOGOT,timestamp:1642664468
2022-01-20T08:41:08,315 - MemoryUsed.Megabytes:11716.27734375|#Level:Host|#hostname:LAPTOP-SA0HOGOT,timestamp:1642664468
2022-01-20T08:41:08,316 - MemoryUtilization.Percent:72.6|#Level:Host|#hostname:LAPTOP-SA0HOGOT,timestamp:1642664468
2022-01-20T08:41:08,691 - CPUUtilization.Percent:100.0|#Level:Host|#hostname:LAPTOP-SA0HOGOT,timestamp:1642664468
2022-01-20T08:41:08,692 - DiskAvailable.Gigabytes:51.407833099365234|#Level:Host|#hostname:LAPTOP-SA0HOGOT,timestamp:1642664468
2022-01-20T08:41:08,693 - DiskUsage.Gigabytes:185.8197021484375|#Level:Host|#hostname:LAPTOP-SA0HOGOT,timestamp:1642664468
2022-01-20T08:41:08,694 - DiskUtilization.Percent:78.3|#Level:Host|#hostname:LAPTOP-SA0HOGOT,timestamp:1642664468
2022-01-20T08:41:08,695 - MemoryAvailable.Megabytes:4435.515625|#Level:Host|#hostname:LAPTOP-SA0HOGOT,timestamp:1642664468
2022-01-20T08:41:08,696 - MemoryUsed.Megabytes:11696.4453125|#Level:Host|#hostname:LAPTOP-SA0HOGOT,timestamp:1642664468
2022-01-20T08:41:08,697 - MemoryUtilization.Percent:72.5|#Level:Host|#hostname:LAPTOP-SA0HOGOT,timestamp:1642664468
2022-01-20T08:41:09,027 - CPUUtilization.Percent:0.0|#Level:Host|#hostname:LAPTOP-SA0HOGOT,timestamp:1642664469
2022-01-20T08:41:09,028 - DiskAvailable.Gigabytes:51.407814025878906|#Level:Host|#hostname:LAPTOP-SA0HOGOT,timestamp:1642664469
2022-01-20T08:41:09,029 - DiskUsage.Gigabytes:185.81972122192383|#Level:Host|#hostname:LAPTOP-SA0HOGOT,timestamp:1642664469
2022-01-20T08:41:09,030 - DiskUtilization.Percent:78.3|#Level:Host|#hostname:LAPTOP-SA0HOGOT,timestamp:1642664469
2022-01-20T08:41:09,030 - MemoryAvailable.Megabytes:4432.51171875|#Level:Host|#hostname:LAPTOP-SA0HOGOT,timestamp:1642664469
2022-01-20T08:41:09,031 - MemoryUsed.Megabytes:11699.44921875|#Level:Host|#hostname:LAPTOP-SA0HOGOT,timestamp:1642664469
2022-01-20T08:41:09,032 - MemoryUtilization.Percent:72.5|#Level:Host|#hostname:LAPTOP-SA0HOGOT,timestamp:1642664469
2022-01-20T08:41:09,346 - CPUUtilization.Percent:62.5|#Level:Host|#hostname:LAPTOP-SA0HOGOT,timestamp:1642664469
2022-01-20T08:41:09,347 - DiskAvailable.Gigabytes:51.407814025878906|#Level:Host|#hostname:LAPTOP-SA0HOGOT,timestamp:1642664469
2022-01-20T08:41:09,348 - DiskUsage.Gigabytes:185.81972122192383|#Level:Host|#hostname:LAPTOP-SA0HOGOT,timestamp:1642664469
2022-01-20T08:41:09,349 - DiskUtilization.Percent:78.3|#Level:Host|#hostname:LAPTOP-SA0HOGOT,timestamp:1642664469
2022-01-20T08:41:09,350 - MemoryAvailable.Megabytes:4427.08984375|#Level:Host|#hostname:LAPTOP-SA0HOGOT,timestamp:1642664469
2022-01-20T08:41:09,351 - MemoryUsed.Megabytes:11704.87109375|#Level:Host|#hostname:LAPTOP-SA0HOGOT,timestamp:1642664469
2022-01-20T08:41:09,351 - MemoryUtilization.Percent:72.6|#Level:Host|#hostname:LAPTOP-SA0HOGOT,timestamp:1642664469
2022-01-20T08:41:09,720 - CPUUtilization.Percent:50.0|#Level:Host|#hostname:LAPTOP-SA0HOGOT,timestamp:1642664469
2022-01-20T08:41:09,721 - DiskAvailable.Gigabytes:51.40781784057617|#Level:Host|#hostname:LAPTOP-SA0HOGOT,timestamp:1642664469
2022-01-20T08:41:09,722 - DiskUsage.Gigabytes:185.81971740722656|#Level:Host|#hostname:LAPTOP-SA0HOGOT,timestamp:1642664469
2022-01-20T08:41:09,723 - DiskUtilization.Percent:78.3|#Level:Host|#hostname:LAPTOP-SA0HOGOT,timestamp:1642664469
2022-01-20T08:41:09,724 - MemoryAvailable.Megabytes:4422.2421875|#Level:Host|#hostname:LAPTOP-SA0HOGOT,timestamp:1642664469
2022-01-20T08:41:09,725 - MemoryUsed.Megabytes:11709.71875|#Level:Host|#hostname:LAPTOP-SA0HOGOT,timestamp:1642664469
2022-01-20T08:41:09,728 - MemoryUtilization.Percent:72.6|#Level:Host|#hostname:LAPTOP-SA0HOGOT,timestamp:1642664469
2022-01-20T08:41:10,095 - CPUUtilization.Percent:71.4|#Level:Host|#hostname:LAPTOP-SA0HOGOT,timestamp:1642664470
2022-01-20T08:41:10,097 - DiskAvailable.Gigabytes:51.40781784057617|#Level:Host|#hostname:LAPTOP-SA0HOGOT,timestamp:1642664470
2022-01-20T08:41:10,098 - DiskUsage.Gigabytes:185.81971740722656|#Level:Host|#hostname:LAPTOP-SA0HOGOT,timestamp:1642664470
2022-01-20T08:41:10,099 - DiskUtilization.Percent:78.3|#Level:Host|#hostname:LAPTOP-SA0HOGOT,timestamp:1642664470
2022-01-20T08:41:10,100 - MemoryAvailable.Megabytes:4415.73828125|#Level:Host|#hostname:LAPTOP-SA0HOGOT,timestamp:1642664470
2022-01-20T08:41:10,101 - MemoryUsed.Megabytes:11716.22265625|#Level:Host|#hostname:LAPTOP-SA0HOGOT,timestamp:1642664470
2022-01-20T08:41:10,101 - MemoryUtilization.Percent:72.6|#Level:Host|#hostname:LAPTOP-SA0HOGOT,timestamp:1642664470
2022-01-20T08:41:10,444 - CPUUtilization.Percent:0.0|#Level:Host|#hostname:LAPTOP-SA0HOGOT,timestamp:1642664470
2022-01-20T08:41:10,445 - DiskAvailable.Gigabytes:51.40781021118164|#Level:Host|#hostname:LAPTOP-SA0HOGOT,timestamp:1642664470
2022-01-20T08:41:10,445 - DiskUsage.Gigabytes:185.8197250366211|#Level:Host|#hostname:LAPTOP-SA0HOGOT,timestamp:1642664470
2022-01-20T08:41:10,446 - DiskUtilization.Percent:78.3|#Level:Host|#hostname:LAPTOP-SA0HOGOT,timestamp:1642664470
2022-01-20T08:41:10,447 - MemoryAvailable.Megabytes:4426.23828125|#Level:Host|#hostname:LAPTOP-SA0HOGOT,timestamp:1642664470
2022-01-20T08:41:10,448 - MemoryUsed.Megabytes:11705.72265625|#Level:Host|#hostname:LAPTOP-SA0HOGOT,timestamp:1642664470
2022-01-20T08:41:10,449 - MemoryUtilization.Percent:72.6|#Level:Host|#hostname:LAPTOP-SA0HOGOT,timestamp:1642664470
2022-01-20T08:41:10,756 - CPUUtilization.Percent:0.0|#Level:Host|#hostname:LAPTOP-SA0HOGOT,timestamp:1642664470
2022-01-20T08:41:10,757 - DiskAvailable.Gigabytes:51.40769577026367|#Level:Host|#hostname:LAPTOP-SA0HOGOT,timestamp:1642664470
2022-01-20T08:41:10,758 - DiskUsage.Gigabytes:185.81983947753906|#Level:Host|#hostname:LAPTOP-SA0HOGOT,timestamp:1642664470
2022-01-20T08:41:10,759 - DiskUtilization.Percent:78.3|#Level:Host|#hostname:LAPTOP-SA0HOGOT,timestamp:1642664470
2022-01-20T08:41:10,759 - MemoryAvailable.Megabytes:4418.90234375|#Level:Host|#hostname:LAPTOP-SA0HOGOT,timestamp:1642664470
2022-01-20T08:41:10,760 - MemoryUsed.Megabytes:11713.05859375|#Level:Host|#hostname:LAPTOP-SA0HOGOT,timestamp:1642664470
2022-01-20T08:41:10,761 - MemoryUtilization.Percent:72.6|#Level:Host|#hostname:LAPTOP-SA0HOGOT,timestamp:1642664470
2022-01-20T08:41:11,066 - CPUUtilization.Percent:0.0|#Level:Host|#hostname:LAPTOP-SA0HOGOT,timestamp:1642664471
2022-01-20T08:41:11,067 - DiskAvailable.Gigabytes:51.40769577026367|#Level:Host|#hostname:LAPTOP-SA0HOGOT,timestamp:1642664471
2022-01-20T08:41:11,067 - DiskUsage.Gigabytes:185.81983947753906|#Level:Host|#hostname:LAPTOP-SA0HOGOT,timestamp:1642664471
2022-01-20T08:41:11,068 - DiskUtilization.Percent:78.3|#Level:Host|#hostname:LAPTOP-SA0HOGOT,timestamp:1642664471
2022-01-20T08:41:11,069 - MemoryAvailable.Megabytes:4427.6328125|#Level:Host|#hostname:LAPTOP-SA0HOGOT,timestamp:1642664471
2022-01-20T08:41:11,070 - MemoryUsed.Megabytes:11704.328125|#Level:Host|#hostname:LAPTOP-SA0HOGOT,timestamp:1642664471
2022-01-20T08:41:11,071 - MemoryUtilization.Percent:72.6|#Level:Host|#hostname:LAPTOP-SA0HOGOT,timestamp:1642664471
2022-01-20T08:41:11,379 - CPUUtilization.Percent:0.0|#Level:Host|#hostname:LAPTOP-SA0HOGOT,timestamp:1642664471
2022-01-20T08:41:11,380 - DiskAvailable.Gigabytes:51.40769577026367|#Level:Host|#hostname:LAPTOP-SA0HOGOT,timestamp:1642664471
2022-01-20T08:41:11,381 - DiskUsage.Gigabytes:185.81983947753906|#Level:Host|#hostname:LAPTOP-SA0HOGOT,timestamp:1642664471
2022-01-20T08:41:11,382 - DiskUtilization.Percent:78.3|#Level:Host|#hostname:LAPTOP-SA0HOGOT,timestamp:1642664471
2022-01-20T08:41:11,382 - MemoryAvailable.Megabytes:4436.03515625|#Level:Host|#hostname:LAPTOP-SA0HOGOT,timestamp:1642664471
2022-01-20T08:41:11,383 - MemoryUsed.Megabytes:11695.92578125|#Level:Host|#hostname:LAPTOP-SA0HOGOT,timestamp:1642664471
2022-01-20T08:41:11,384 - MemoryUtilization.Percent:72.5|#Level:Host|#hostname:LAPTOP-SA0HOGOT,timestamp:1642664471
2022-01-20T08:41:11,616 - CPUUtilization.Percent:0.0|#Level:Host|#hostname:LAPTOP-SA0HOGOT,timestamp:1642664471
2022-01-20T08:41:11,617 - DiskAvailable.Gigabytes:51.407691955566406|#Level:Host|#hostname:LAPTOP-SA0HOGOT,timestamp:1642664471
2022-01-20T08:41:11,617 - DiskUsage.Gigabytes:185.81984329223633|#Level:Host|#hostname:LAPTOP-SA0HOGOT,timestamp:1642664471
2022-01-20T08:41:11,618 - DiskUtilization.Percent:78.3|#Level:Host|#hostname:LAPTOP-SA0HOGOT,timestamp:1642664471
2022-01-20T08:41:11,619 - MemoryAvailable.Megabytes:4442.01171875|#Level:Host|#hostname:LAPTOP-SA0HOGOT,timestamp:1642664471
2022-01-20T08:41:11,619 - MemoryUsed.Megabytes:11689.94921875|#Level:Host|#hostname:LAPTOP-SA0HOGOT,timestamp:1642664471
2022-01-20T08:41:11,620 - MemoryUtilization.Percent:72.5|#Level:Host|#hostname:LAPTOP-SA0HOGOT,timestamp:1642664471
2022-01-20T08:41:11,957 - CPUUtilization.Percent:0.0|#Level:Host|#hostname:LAPTOP-SA0HOGOT,timestamp:1642664471
2022-01-20T08:41:11,958 - DiskAvailable.Gigabytes:51.40607833862305|#Level:Host|#hostname:LAPTOP-SA0HOGOT,timestamp:1642664471
2022-01-20T08:41:11,959 - DiskUsage.Gigabytes:185.8214569091797|#Level:Host|#hostname:LAPTOP-SA0HOGOT,timestamp:1642664471
2022-01-20T08:41:11,959 - DiskUtilization.Percent:78.3|#Level:Host|#hostname:LAPTOP-SA0HOGOT,timestamp:1642664471
2022-01-20T08:41:11,960 - MemoryAvailable.Megabytes:4388.13671875|#Level:Host|#hostname:LAPTOP-SA0HOGOT,timestamp:1642664471
2022-01-20T08:41:11,961 - MemoryUsed.Megabytes:11743.828125|#Level:Host|#hostname:LAPTOP-SA0HOGOT,timestamp:1642664471
2022-01-20T08:41:11,962 - MemoryUtilization.Percent:72.8|#Level:Host|#hostname:LAPTOP-SA0HOGOT,timestamp:1642664471
2022-01-20T08:41:12,265 - CPUUtilization.Percent:0.0|#Level:Host|#hostname:LAPTOP-SA0HOGOT,timestamp:1642664472
2022-01-20T08:41:12,266 - DiskAvailable.Gigabytes:51.40607833862305|#Level:Host|#hostname:LAPTOP-SA0HOGOT,timestamp:1642664472
2022-01-20T08:41:12,266 - DiskUsage.Gigabytes:185.8214569091797|#Level:Host|#hostname:LAPTOP-SA0HOGOT,timestamp:1642664472
2022-01-20T08:41:12,267 - DiskUtilization.Percent:78.3|#Level:Host|#hostname:LAPTOP-SA0HOGOT,timestamp:1642664472
2022-01-20T08:41:12,268 - MemoryAvailable.Megabytes:4403.31640625|#Level:Host|#hostname:LAPTOP-SA0HOGOT,timestamp:1642664472
2022-01-20T08:41:12,269 - MemoryUsed.Megabytes:11728.64453125|#Level:Host|#hostname:LAPTOP-SA0HOGOT,timestamp:1642664472
2022-01-20T08:41:12,270 - MemoryUtilization.Percent:72.7|#Level:Host|#hostname:LAPTOP-SA0HOGOT,timestamp:1642664472
2022-01-20T08:41:12,554 - CPUUtilization.Percent:0.0|#Level:Host|#hostname:LAPTOP-SA0HOGOT,timestamp:1642664472
2022-01-20T08:41:12,555 - DiskAvailable.Gigabytes:51.40595626831055|#Level:Host|#hostname:LAPTOP-SA0HOGOT,timestamp:1642664472
2022-01-20T08:41:12,555 - DiskUsage.Gigabytes:185.8215789794922|#Level:Host|#hostname:LAPTOP-SA0HOGOT,timestamp:1642664472
2022-01-20T08:41:12,556 - DiskUtilization.Percent:78.3|#Level:Host|#hostname:LAPTOP-SA0HOGOT,timestamp:1642664472
2022-01-20T08:41:12,557 - MemoryAvailable.Megabytes:4405.15625|#Level:Host|#hostname:LAPTOP-SA0HOGOT,timestamp:1642664472
2022-01-20T08:41:12,557 - MemoryUsed.Megabytes:11726.8046875|#Level:Host|#hostname:LAPTOP-SA0HOGOT,timestamp:1642664472
2022-01-20T08:41:12,558 - MemoryUtilization.Percent:72.7|#Level:Host|#hostname:LAPTOP-SA0HOGOT,timestamp:1642664472
2022-01-20T08:41:12,796 - CPUUtilization.Percent:0.0|#Level:Host|#hostname:LAPTOP-SA0HOGOT,timestamp:1642664472
2022-01-20T08:41:12,797 - DiskAvailable.Gigabytes:51.40595626831055|#Level:Host|#hostname:LAPTOP-SA0HOGOT,timestamp:1642664472
2022-01-20T08:41:12,798 - DiskUsage.Gigabytes:185.8215789794922|#Level:Host|#hostname:LAPTOP-SA0HOGOT,timestamp:1642664472
2022-01-20T08:41:12,799 - DiskUtilization.Percent:78.3|#Level:Host|#hostname:LAPTOP-SA0HOGOT,timestamp:1642664472
2022-01-20T08:41:12,799 - MemoryAvailable.Megabytes:4402.41796875|#Level:Host|#hostname:LAPTOP-SA0HOGOT,timestamp:1642664472
2022-01-20T08:41:12,800 - MemoryUsed.Megabytes:11729.54296875|#Level:Host|#hostname:LAPTOP-SA0HOGOT,timestamp:1642664472
2022-01-20T08:41:12,801 - MemoryUtilization.Percent:72.7|#Level:Host|#hostname:LAPTOP-SA0HOGOT,timestamp:1642664472
2022-01-20T08:41:13,014 - CPUUtilization.Percent:0.0|#Level:Host|#hostname:LAPTOP-SA0HOGOT,timestamp:1642664473
2022-01-20T08:41:13,015 - DiskAvailable.Gigabytes:51.405914306640625|#Level:Host|#hostname:LAPTOP-SA0HOGOT,timestamp:1642664473
2022-01-20T08:41:13,015 - DiskUsage.Gigabytes:185.8216209411621|#Level:Host|#hostname:LAPTOP-SA0HOGOT,timestamp:1642664473
2022-01-20T08:41:13,016 - DiskUtilization.Percent:78.3|#Level:Host|#hostname:LAPTOP-SA0HOGOT,timestamp:1642664473
2022-01-20T08:41:13,016 - MemoryAvailable.Megabytes:4408.02734375|#Level:Host|#hostname:LAPTOP-SA0HOGOT,timestamp:1642664473
2022-01-20T08:41:13,017 - MemoryUsed.Megabytes:11723.93359375|#Level:Host|#hostname:LAPTOP-SA0HOGOT,timestamp:1642664473
2022-01-20T08:41:13,018 - MemoryUtilization.Percent:72.7|#Level:Host|#hostname:LAPTOP-SA0HOGOT,timestamp:1642664473
2022-01-20T08:41:13,232 - CPUUtilization.Percent:0.0|#Level:Host|#hostname:LAPTOP-SA0HOGOT,timestamp:1642664473
2022-01-20T08:41:13,232 - DiskAvailable.Gigabytes:51.405792236328125|#Level:Host|#hostname:LAPTOP-SA0HOGOT,timestamp:1642664473
2022-01-20T08:41:13,233 - DiskUsage.Gigabytes:185.8217430114746|#Level:Host|#hostname:LAPTOP-SA0HOGOT,timestamp:1642664473
2022-01-20T08:41:13,234 - DiskUtilization.Percent:78.3|#Level:Host|#hostname:LAPTOP-SA0HOGOT,timestamp:1642664473
2022-01-20T08:41:13,234 - MemoryAvailable.Megabytes:4406.6796875|#Level:Host|#hostname:LAPTOP-SA0HOGOT,timestamp:1642664473
2022-01-20T08:41:13,235 - MemoryUsed.Megabytes:11725.28125|#Level:Host|#hostname:LAPTOP-SA0HOGOT,timestamp:1642664473
2022-01-20T08:41:13,235 - MemoryUtilization.Percent:72.7|#Level:Host|#hostname:LAPTOP-SA0HOGOT,timestamp:1642664473
2022-01-20T08:41:13,432 - CPUUtilization.Percent:0.0|#Level:Host|#hostname:LAPTOP-SA0HOGOT,timestamp:1642664473
2022-01-20T08:41:13,433 - DiskAvailable.Gigabytes:51.405670166015625|#Level:Host|#hostname:LAPTOP-SA0HOGOT,timestamp:1642664473
2022-01-20T08:41:13,433 - DiskUsage.Gigabytes:185.8218650817871|#Level:Host|#hostname:LAPTOP-SA0HOGOT,timestamp:1642664473
2022-01-20T08:41:13,434 - DiskUtilization.Percent:78.3|#Level:Host|#hostname:LAPTOP-SA0HOGOT,timestamp:1642664473
2022-01-20T08:41:13,435 - MemoryAvailable.Megabytes:4405.00390625|#Level:Host|#hostname:LAPTOP-SA0HOGOT,timestamp:1642664473
2022-01-20T08:41:13,435 - MemoryUsed.Megabytes:11726.95703125|#Level:Host|#hostname:LAPTOP-SA0HOGOT,timestamp:1642664473
2022-01-20T08:41:13,436 - MemoryUtilization.Percent:72.7|#Level:Host|#hostname:LAPTOP-SA0HOGOT,timestamp:1642664473
2022-01-20T08:41:13,631 - CPUUtilization.Percent:0.0|#Level:Host|#hostname:LAPTOP-SA0HOGOT,timestamp:1642664473
2022-01-20T08:41:13,632 - DiskAvailable.Gigabytes:51.405548095703125|#Level:Host|#hostname:LAPTOP-SA0HOGOT,timestamp:1642664473
2022-01-20T08:41:13,632 - DiskUsage.Gigabytes:185.8219871520996|#Level:Host|#hostname:LAPTOP-SA0HOGOT,timestamp:1642664473
2022-01-20T08:41:13,633 - DiskUtilization.Percent:78.3|#Level:Host|#hostname:LAPTOP-SA0HOGOT,timestamp:1642664473
2022-01-20T08:41:13,633 - MemoryAvailable.Megabytes:4404.2890625|#Level:Host|#hostname:LAPTOP-SA0HOGOT,timestamp:1642664473
2022-01-20T08:41:13,634 - MemoryUsed.Megabytes:11727.671875|#Level:Host|#hostname:LAPTOP-SA0HOGOT,timestamp:1642664473
2022-01-20T08:41:13,635 - MemoryUtilization.Percent:72.7|#Level:Host|#hostname:LAPTOP-SA0HOGOT,timestamp:1642664473
2022-01-20T08:41:13,826 - CPUUtilization.Percent:0.0|#Level:Host|#hostname:LAPTOP-SA0HOGOT,timestamp:1642664473
2022-01-20T08:41:13,827 - DiskAvailable.Gigabytes:51.405548095703125|#Level:Host|#hostname:LAPTOP-SA0HOGOT,timestamp:1642664473
2022-01-20T08:41:13,828 - DiskUsage.Gigabytes:185.8219871520996|#Level:Host|#hostname:LAPTOP-SA0HOGOT,timestamp:1642664473
2022-01-20T08:41:13,828 - DiskUtilization.Percent:78.3|#Level:Host|#hostname:LAPTOP-SA0HOGOT,timestamp:1642664473
2022-01-20T08:41:13,829 - MemoryAvailable.Megabytes:4404.47265625|#Level:Host|#hostname:LAPTOP-SA0HOGOT,timestamp:1642664473
2022-01-20T08:41:13,830 - MemoryUsed.Megabytes:11727.48828125|#Level:Host|#hostname:LAPTOP-SA0HOGOT,timestamp:1642664473
2022-01-20T08:41:13,830 - MemoryUtilization.Percent:72.7|#Level:Host|#hostname:LAPTOP-SA0HOGOT,timestamp:1642664473
2022-01-20T08:41:14,013 - CPUUtilization.Percent:0.0|#Level:Host|#hostname:LAPTOP-SA0HOGOT,timestamp:1642664474
2022-01-20T08:41:14,013 - DiskAvailable.Gigabytes:51.405548095703125|#Level:Host|#hostname:LAPTOP-SA0HOGOT,timestamp:1642664474
2022-01-20T08:41:14,014 - DiskUsage.Gigabytes:185.8219871520996|#Level:Host|#hostname:LAPTOP-SA0HOGOT,timestamp:1642664474
2022-01-20T08:41:14,014 - DiskUtilization.Percent:78.3|#Level:Host|#hostname:LAPTOP-SA0HOGOT,timestamp:1642664474
2022-01-20T08:41:14,015 - MemoryAvailable.Megabytes:4404.4296875|#Level:Host|#hostname:LAPTOP-SA0HOGOT,timestamp:1642664474
2022-01-20T08:41:14,016 - MemoryUsed.Megabytes:11727.53125|#Level:Host|#hostname:LAPTOP-SA0HOGOT,timestamp:1642664474
2022-01-20T08:41:14,016 - MemoryUtilization.Percent:72.7|#Level:Host|#hostname:LAPTOP-SA0HOGOT,timestamp:1642664474
2022-01-20T08:41:14,221 - CPUUtilization.Percent:0.0|#Level:Host|#hostname:LAPTOP-SA0HOGOT,timestamp:1642664474
2022-01-20T08:41:14,222 - DiskAvailable.Gigabytes:51.4053955078125|#Level:Host|#hostname:LAPTOP-SA0HOGOT,timestamp:1642664474
2022-01-20T08:41:14,223 - DiskUsage.Gigabytes:185.82213973999023|#Level:Host|#hostname:LAPTOP-SA0HOGOT,timestamp:1642664474
2022-01-20T08:41:14,223 - DiskUtilization.Percent:78.3|#Level:Host|#hostname:LAPTOP-SA0HOGOT,timestamp:1642664474
2022-01-20T08:41:14,224 - MemoryAvailable.Megabytes:4402.90625|#Level:Host|#hostname:LAPTOP-SA0HOGOT,timestamp:1642664474
2022-01-20T08:41:14,224 - MemoryUsed.Megabytes:11729.0546875|#Level:Host|#hostname:LAPTOP-SA0HOGOT,timestamp:1642664474
2022-01-20T08:41:14,225 - MemoryUtilization.Percent:72.7|#Level:Host|#hostname:LAPTOP-SA0HOGOT,timestamp:1642664474
2022-01-20T08:41:14,424 - CPUUtilization.Percent:0.0|#Level:Host|#hostname:LAPTOP-SA0HOGOT,timestamp:1642664474
2022-01-20T08:41:14,425 - DiskAvailable.Gigabytes:51.4053955078125|#Level:Host|#hostname:LAPTOP-SA0HOGOT,timestamp:1642664474
2022-01-20T08:41:14,426 - DiskUsage.Gigabytes:185.82213973999023|#Level:Host|#hostname:LAPTOP-SA0HOGOT,timestamp:1642664474
2022-01-20T08:41:14,426 - DiskUtilization.Percent:78.3|#Level:Host|#hostname:LAPTOP-SA0HOGOT,timestamp:1642664474
2022-01-20T08:41:14,427 - MemoryAvailable.Megabytes:4409.3359375|#Level:Host|#hostname:LAPTOP-SA0HOGOT,timestamp:1642664474
2022-01-20T08:41:14,428 - MemoryUsed.Megabytes:11722.625|#Level:Host|#hostname:LAPTOP-SA0HOGOT,timestamp:1642664474
2022-01-20T08:41:14,428 - MemoryUtilization.Percent:72.7|#Level:Host|#hostname:LAPTOP-SA0HOGOT,timestamp:1642664474
2022-01-20T08:41:14,624 - CPUUtilization.Percent:0.0|#Level:Host|#hostname:LAPTOP-SA0HOGOT,timestamp:1642664474
2022-01-20T08:41:14,624 - DiskAvailable.Gigabytes:51.4053955078125|#Level:Host|#hostname:LAPTOP-SA0HOGOT,timestamp:1642664474
2022-01-20T08:41:14,625 - DiskUsage.Gigabytes:185.82213973999023|#Level:Host|#hostname:LAPTOP-SA0HOGOT,timestamp:1642664474
2022-01-20T08:41:14,626 - DiskUtilization.Percent:78.3|#Level:Host|#hostname:LAPTOP-SA0HOGOT,timestamp:1642664474
2022-01-20T08:41:14,626 - MemoryAvailable.Megabytes:4394.046875|#Level:Host|#hostname:LAPTOP-SA0HOGOT,timestamp:1642664474
2022-01-20T08:41:14,627 - MemoryUsed.Megabytes:11737.9765625|#Level:Host|#hostname:LAPTOP-SA0HOGOT,timestamp:1642664474
2022-01-20T08:41:14,627 - MemoryUtilization.Percent:72.8|#Level:Host|#hostname:LAPTOP-SA0HOGOT,timestamp:1642664474
2022-01-20T08:41:14,827 - CPUUtilization.Percent:0.0|#Level:Host|#hostname:LAPTOP-SA0HOGOT,timestamp:1642664474
2022-01-20T08:41:14,827 - DiskAvailable.Gigabytes:51.4052734375|#Level:Host|#hostname:LAPTOP-SA0HOGOT,timestamp:1642664474
2022-01-20T08:41:14,828 - DiskUsage.Gigabytes:185.82226181030273|#Level:Host|#hostname:LAPTOP-SA0HOGOT,timestamp:1642664474
2022-01-20T08:41:14,829 - DiskUtilization.Percent:78.3|#Level:Host|#hostname:LAPTOP-SA0HOGOT,timestamp:1642664474
2022-01-20T08:41:14,829 - MemoryAvailable.Megabytes:4396.3515625|#Level:Host|#hostname:LAPTOP-SA0HOGOT,timestamp:1642664474
2022-01-20T08:41:14,830 - MemoryUsed.Megabytes:11735.609375|#Level:Host|#hostname:LAPTOP-SA0HOGOT,timestamp:1642664474
2022-01-20T08:41:14,831 - MemoryUtilization.Percent:72.7|#Level:Host|#hostname:LAPTOP-SA0HOGOT,timestamp:1642664474
2022-01-20T08:41:15,025 - CPUUtilization.Percent:0.0|#Level:Host|#hostname:LAPTOP-SA0HOGOT,timestamp:1642664475
2022-01-20T08:41:15,025 - DiskAvailable.Gigabytes:51.4052734375|#Level:Host|#hostname:LAPTOP-SA0HOGOT,timestamp:1642664475
2022-01-20T08:41:15,026 - DiskUsage.Gigabytes:185.82226181030273|#Level:Host|#hostname:LAPTOP-SA0HOGOT,timestamp:1642664475
2022-01-20T08:41:15,027 - DiskUtilization.Percent:78.3|#Level:Host|#hostname:LAPTOP-SA0HOGOT,timestamp:1642664475
2022-01-20T08:41:15,027 - MemoryAvailable.Megabytes:4399.48828125|#Level:Host|#hostname:LAPTOP-SA0HOGOT,timestamp:1642664475
2022-01-20T08:41:15,032 - MemoryUsed.Megabytes:11732.47265625|#Level:Host|#hostname:LAPTOP-SA0HOGOT,timestamp:1642664475
2022-01-20T08:41:15,032 - MemoryUtilization.Percent:72.7|#Level:Host|#hostname:LAPTOP-SA0HOGOT,timestamp:1642664475
2022-01-20T08:41:15,218 - CPUUtilization.Percent:0.0|#Level:Host|#hostname:LAPTOP-SA0HOGOT,timestamp:1642664475
2022-01-20T08:41:15,220 - DiskAvailable.Gigabytes:51.4052734375|#Level:Host|#hostname:LAPTOP-SA0HOGOT,timestamp:1642664475
2022-01-20T08:41:15,220 - DiskUsage.Gigabytes:185.82226181030273|#Level:Host|#hostname:LAPTOP-SA0HOGOT,timestamp:1642664475
2022-01-20T08:41:15,221 - DiskUtilization.Percent:78.3|#Level:Host|#hostname:LAPTOP-SA0HOGOT,timestamp:1642664475
2022-01-20T08:41:15,221 - MemoryAvailable.Megabytes:4399.3359375|#Level:Host|#hostname:LAPTOP-SA0HOGOT,timestamp:1642664475
2022-01-20T08:41:15,222 - MemoryUsed.Megabytes:11732.625|#Level:Host|#hostname:LAPTOP-SA0HOGOT,timestamp:1642664475
2022-01-20T08:41:15,223 - MemoryUtilization.Percent:72.7|#Level:Host|#hostname:LAPTOP-SA0HOGOT,timestamp:1642664475
2022-01-20T08:41:15,405 - CPUUtilization.Percent:0.0|#Level:Host|#hostname:LAPTOP-SA0HOGOT,timestamp:1642664475
2022-01-20T08:41:15,405 - DiskAvailable.Gigabytes:51.4052734375|#Level:Host|#hostname:LAPTOP-SA0HOGOT,timestamp:1642664475
2022-01-20T08:41:15,406 - DiskUsage.Gigabytes:185.82226181030273|#Level:Host|#hostname:LAPTOP-SA0HOGOT,timestamp:1642664475
2022-01-20T08:41:15,406 - DiskUtilization.Percent:78.3|#Level:Host|#hostname:LAPTOP-SA0HOGOT,timestamp:1642664475
2022-01-20T08:41:15,407 - MemoryAvailable.Megabytes:4407.90625|#Level:Host|#hostname:LAPTOP-SA0HOGOT,timestamp:1642664475
2022-01-20T08:41:15,408 - MemoryUsed.Megabytes:11724.0546875|#Level:Host|#hostname:LAPTOP-SA0HOGOT,timestamp:1642664475
2022-01-20T08:41:15,408 - MemoryUtilization.Percent:72.7|#Level:Host|#hostname:LAPTOP-SA0HOGOT,timestamp:1642664475
2022-01-20T08:41:15,618 - CPUUtilization.Percent:0.0|#Level:Host|#hostname:LAPTOP-SA0HOGOT,timestamp:1642664475
2022-01-20T08:41:15,619 - DiskAvailable.Gigabytes:51.4052734375|#Level:Host|#hostname:LAPTOP-SA0HOGOT,timestamp:1642664475
2022-01-20T08:41:15,619 - DiskUsage.Gigabytes:185.82226181030273|#Level:Host|#hostname:LAPTOP-SA0HOGOT,timestamp:1642664475
2022-01-20T08:41:15,620 - DiskUtilization.Percent:78.3|#Level:Host|#hostname:LAPTOP-SA0HOGOT,timestamp:1642664475
2022-01-20T08:41:15,621 - MemoryAvailable.Megabytes:4411.37890625|#Level:Host|#hostname:LAPTOP-SA0HOGOT,timestamp:1642664475
2022-01-20T08:41:15,621 - MemoryUsed.Megabytes:11720.58203125|#Level:Host|#hostname:LAPTOP-SA0HOGOT,timestamp:1642664475
2022-01-20T08:41:15,622 - MemoryUtilization.Percent:72.7|#Level:Host|#hostname:LAPTOP-SA0HOGOT,timestamp:1642664475
2022-01-20T08:41:15,808 - CPUUtilization.Percent:0.0|#Level:Host|#hostname:LAPTOP-SA0HOGOT,timestamp:1642664475
2022-01-20T08:41:15,808 - DiskAvailable.Gigabytes:51.4052734375|#Level:Host|#hostname:LAPTOP-SA0HOGOT,timestamp:1642664475
2022-01-20T08:41:15,809 - DiskUsage.Gigabytes:185.82226181030273|#Level:Host|#hostname:LAPTOP-SA0HOGOT,timestamp:1642664475
2022-01-20T08:41:15,809 - DiskUtilization.Percent:78.3|#Level:Host|#hostname:LAPTOP-SA0HOGOT,timestamp:1642664475
2022-01-20T08:41:15,810 - MemoryAvailable.Megabytes:4410.0234375|#Level:Host|#hostname:LAPTOP-SA0HOGOT,timestamp:1642664475
2022-01-20T08:41:15,810 - MemoryUsed.Megabytes:11721.9375|#Level:Host|#hostname:LAPTOP-SA0HOGOT,timestamp:1642664475
2022-01-20T08:41:15,811 - MemoryUtilization.Percent:72.7|#Level:Host|#hostname:LAPTOP-SA0HOGOT,timestamp:1642664475
2022-01-20T08:41:15,996 - CPUUtilization.Percent:0.0|#Level:Host|#hostname:LAPTOP-SA0HOGOT,timestamp:1642664475
2022-01-20T08:41:15,996 - DiskAvailable.Gigabytes:51.405269622802734|#Level:Host|#hostname:LAPTOP-SA0HOGOT,timestamp:1642664475
2022-01-20T08:41:15,997 - DiskUsage.Gigabytes:185.822265625|#Level:Host|#hostname:LAPTOP-SA0HOGOT,timestamp:1642664475
2022-01-20T08:41:15,998 - DiskUtilization.Percent:78.3|#Level:Host|#hostname:LAPTOP-SA0HOGOT,timestamp:1642664475
2022-01-20T08:41:15,998 - MemoryAvailable.Megabytes:4416.5703125|#Level:Host|#hostname:LAPTOP-SA0HOGOT,timestamp:1642664475
2022-01-20T08:41:15,999 - MemoryUsed.Megabytes:11715.390625|#Level:Host|#hostname:LAPTOP-SA0HOGOT,timestamp:1642664475
2022-01-20T08:41:15,999 - MemoryUtilization.Percent:72.6|#Level:Host|#hostname:LAPTOP-SA0HOGOT,timestamp:1642664475
